#-----------------------------------------------------------
# Vivado v2019.1 (64-bit)
# SW Build 2552052 on Fri May 24 14:49:42 MDT 2019
# IP Build 2548770 on Fri May 24 18:01:18 MDT 2019
# Start of session at: Sun Jun 18 01:07:22 2023
# Process ID: 10776
# Current directory: C:/Users/Asif/VivadoProjects/Lab5_1
# Command line: vivado.exe -gui_launcher_event rodinguilauncherevent18152 C:\Users\Asif\VivadoProjects\Lab5_1\Lab5_1.xpr
# Log file: C:/Users/Asif/VivadoProjects/Lab5_1/vivado.log
# Journal file: C:/Users/Asif/VivadoProjects/Lab5_1\vivado.jou
#-----------------------------------------------------------
start_gui
open_project C:/Users/Asif/VivadoProjects/Lab5_1/Lab5_1.xpr
Scanning sources...
Finished scanning sources
INFO: [IP_Flow 19-234] Refreshing IP repositories
INFO: [IP_Flow 19-1704] No user IP repositories specified
INFO: [IP_Flow 19-2313] Loaded Vivado IP repository 'D:/Xilinx/Vivado/2019.1/data/ip'.
open_project: Time (s): cpu = 00:00:28 ; elapsed = 00:00:12 . Memory (MB): peak = 868.246 ; gain = 238.738
update_compile_order -fileset sources_1
exit
INFO: [Common 17-206] Exiting Vivado at Sun Jun 18 01:08:08 2023...
