#-----------------------------------------------------------
# Vivado v2019.1 (64-bit)
# SW Build 2552052 on Fri May 24 14:49:42 MDT 2019
# IP Build 2548770 on Fri May 24 18:01:18 MDT 2019
# Start of session at: Sun Jun 18 00:53:48 2023
# Process ID: 11648
# Current directory: C:/Users/Asif/VivadoProjects/Lab5_1
# Command line: vivado.exe -gui_launcher_event rodinguilauncherevent3776 C:\Users\Asif\VivadoProjects\Lab5_1\Lab5_1.xpr
# Log file: C:/Users/Asif/VivadoProjects/Lab5_1/vivado.log
# Journal file: C:/Users/Asif/VivadoProjects/Lab5_1\vivado.jou
#-----------------------------------------------------------
start_gui
open_project C:/Users/Asif/VivadoProjects/Lab5_1/Lab5_1.xpr
Scanning sources...
Finished scanning sources
INFO: [IP_Flow 19-234] Refreshing IP repositories
INFO: [IP_Flow 19-1704] No user IP repositories specified
INFO: [IP_Flow 19-2313] Loaded Vivado IP repository 'D:/Xilinx/Vivado/2019.1/data/ip'.
open_project: Time (s): cpu = 00:00:16 ; elapsed = 00:00:07 . Memory (MB): peak = 827.797 ; gain = 148.863
update_compile_order -fileset sources_1
add_files -fileset constrs_1 -norecurse C:/Users/Asif/VivadoProjects/Lab5_1/Basys-3-Master.xdc
launch_runs synth_1 -jobs 4
[Sun Jun 18 00:59:41 2023] Launched synth_1...
Run output will be captured here: C:/Users/Asif/VivadoProjects/Lab5_1/Lab5_1.runs/synth_1/runme.log
launch_runs impl_1 -jobs 4
[Sun Jun 18 01:00:59 2023] Launched impl_1...
Run output will be captured here: C:/Users/Asif/VivadoProjects/Lab5_1/Lab5_1.runs/impl_1/runme.log
open_run impl_1
INFO: [Device 21-403] Loading part xc7a35tcpg236-1
INFO: [Project 1-479] Netlist was created with Vivado 2019.1
INFO: [Project 1-570] Preparing netlist for logic optimization
INFO: [Timing 38-478] Restoring timing data from binary archive.
INFO: [Timing 38-479] Binary timing data restore complete.
INFO: [Project 1-856] Restoring constraints from binary archive.
INFO: [Project 1-853] Binary constraint restore complete.
Reading XDEF placement.
Reading placer database...
Reading XDEF routing.
Read XDEF File: Time (s): cpu = 00:00:00 ; elapsed = 00:00:00.059 . Memory (MB): peak = 1728.926 ; gain = 0.000
Restored from archive | CPU: 0.000000 secs | Memory: 0.000000 MB |
Finished XDEF File Restore: Time (s): cpu = 00:00:00 ; elapsed = 00:00:00.059 . Memory (MB): peak = 1728.926 ; gain = 0.000
Netlist sorting complete. Time (s): cpu = 00:00:00 ; elapsed = 00:00:00 . Memory (MB): peak = 1728.926 ; gain = 0.000
INFO: [Project 1-111] Unisim Transformation Summary:
No Unisim elements were transformed.

open_run: Time (s): cpu = 00:00:35 ; elapsed = 00:00:26 . Memory (MB): peak = 1861.266 ; gain = 971.289
WARNING: [Timing 38-313] There are no user specified timing constraints. Timing constraints are needed for proper timing analysis.
exit
INFO: [Common 17-206] Exiting Vivado at Sun Jun 18 01:03:25 2023...
