#-----------------------------------------------------------
# Vivado v2019.1 (64-bit)
# SW Build 2552052 on Fri May 24 14:49:42 MDT 2019
# IP Build 2548770 on Fri May 24 18:01:18 MDT 2019
# Start of session at: Sun Jun 18 22:28:29 2023
# Process ID: 12420
# Current directory: C:/Users/Asif/VivadoProjects/Lab8_Task5
# Command line: vivado.exe -gui_launcher_event rodinguilauncherevent3308 C:\Users\Asif\VivadoProjects\Lab8_Task5\Lab8_Task5.xpr
# Log file: C:/Users/Asif/VivadoProjects/Lab8_Task5/vivado.log
# Journal file: C:/Users/Asif/VivadoProjects/Lab8_Task5\vivado.jou
#-----------------------------------------------------------
start_gui
open_project C:/Users/Asif/VivadoProjects/Lab8_Task5/Lab8_Task5.xpr
Scanning sources...
Finished scanning sources
INFO: [IP_Flow 19-234] Refreshing IP repositories
INFO: [IP_Flow 19-1704] No user IP repositories specified
INFO: [IP_Flow 19-2313] Loaded Vivado IP repository 'D:/Xilinx/Vivado/2019.1/data/ip'.
open_project: Time (s): cpu = 00:00:20 ; elapsed = 00:00:08 . Memory (MB): peak = 1015.969 ; gain = 120.996
update_compile_order -fileset sources_1
add_files -fileset constrs_1 -norecurse C:/Users/Asif/VivadoProjects/Lab8_Task5/Basys-3-Master.xdc
launch_runs synth_1 -jobs 4
[Sun Jun 18 22:30:43 2023] Launched synth_1...
Run output will be captured here: C:/Users/Asif/VivadoProjects/Lab8_Task5/Lab8_Task5.runs/synth_1/runme.log
launch_runs impl_1 -jobs 4
[Sun Jun 18 22:31:55 2023] Launched impl_1...
Run output will be captured here: C:/Users/Asif/VivadoProjects/Lab8_Task5/Lab8_Task5.runs/impl_1/runme.log
open_run impl_1
INFO: [Device 21-403] Loading part xc7a35tcpg236-1
INFO: [Project 1-479] Netlist was created with Vivado 2019.1
INFO: [Project 1-570] Preparing netlist for logic optimization
INFO: [Timing 38-478] Restoring timing data from binary archive.
INFO: [Timing 38-479] Binary timing data restore complete.
INFO: [Project 1-856] Restoring constraints from binary archive.
INFO: [Project 1-853] Binary constraint restore complete.
Reading XDEF placement.
Reading placer database...
Reading XDEF routing.
Read XDEF File: Time (s): cpu = 00:00:00 ; elapsed = 00:00:00.036 . Memory (MB): peak = 1762.527 ; gain = 0.000
Restored from archive | CPU: 0.000000 secs | Memory: 0.000000 MB |
Finished XDEF File Restore: Time (s): cpu = 00:00:00 ; elapsed = 00:00:00.036 . Memory (MB): peak = 1762.527 ; gain = 0.000
Netlist sorting complete. Time (s): cpu = 00:00:00 ; elapsed = 00:00:00 . Memory (MB): peak = 1762.527 ; gain = 0.000
INFO: [Project 1-111] Unisim Transformation Summary:
No Unisim elements were transformed.

open_run: Time (s): cpu = 00:00:30 ; elapsed = 00:00:22 . Memory (MB): peak = 1907.773 ; gain = 891.805
WARNING: [Timing 38-313] There are no user specified timing constraints. Timing constraints are needed for proper timing analysis.
exit
INFO: [Common 17-206] Exiting Vivado at Sun Jun 18 22:34:35 2023...
