#-----------------------------------------------------------
# Vivado v2019.1 (64-bit)
# SW Build 2552052 on Fri May 24 14:49:42 MDT 2019
# IP Build 2548770 on Fri May 24 18:01:18 MDT 2019
# Start of session at: Sun Jun 18 22:24:41 2023
# Process ID: 15648
# Current directory: C:/Users/Asif/VivadoProjects/Lab8_Task4
# Command line: vivado.exe -gui_launcher_event rodinguilauncherevent16328 C:\Users\Asif\VivadoProjects\Lab8_Task4\Lab8_Task4.xpr
# Log file: C:/Users/Asif/VivadoProjects/Lab8_Task4/vivado.log
# Journal file: C:/Users/Asif/VivadoProjects/Lab8_Task4\vivado.jou
#-----------------------------------------------------------
start_gui
open_project C:/Users/Asif/VivadoProjects/Lab8_Task4/Lab8_Task4.xpr
Scanning sources...
Finished scanning sources
INFO: [IP_Flow 19-234] Refreshing IP repositories
INFO: [IP_Flow 19-1704] No user IP repositories specified
INFO: [IP_Flow 19-2313] Loaded Vivado IP repository 'D:/Xilinx/Vivado/2019.1/data/ip'.
open_project: Time (s): cpu = 00:00:20 ; elapsed = 00:00:08 . Memory (MB): peak = 846.379 ; gain = 216.047
update_compile_order -fileset sources_1
launch_runs synth_1 -jobs 4
[Sun Jun 18 22:25:11 2023] Launched synth_1...
Run output will be captured here: C:/Users/Asif/VivadoProjects/Lab8_Task4/Lab8_Task4.runs/synth_1/runme.log
add_files -fileset constrs_1 -norecurse C:/Users/Asif/VivadoProjects/Lab8_Task4/Basys-3-Master.xdc
reset_run synth_1
launch_runs synth_1 -jobs 4
[Sun Jun 18 22:28:06 2023] Launched synth_1...
Run output will be captured here: C:/Users/Asif/VivadoProjects/Lab8_Task4/Lab8_Task4.runs/synth_1/runme.log
launch_runs impl_1 -jobs 4
[Sun Jun 18 22:29:01 2023] Launched impl_1...
Run output will be captured here: C:/Users/Asif/VivadoProjects/Lab8_Task4/Lab8_Task4.runs/impl_1/runme.log
exit
INFO: [Common 17-206] Exiting Vivado at Sun Jun 18 22:30:59 2023...
