#-----------------------------------------------------------
# Vivado v2019.1 (64-bit)
# SW Build 2552052 on Fri May 24 14:49:42 MDT 2019
# IP Build 2548770 on Fri May 24 18:01:18 MDT 2019
# Start of session at: Tue Jun 20 12:19:12 2023
# Process ID: 20392
# Current directory: C:/Users/Asif/VivadoProjects/Debouncing
# Command line: vivado.exe -gui_launcher_event rodinguilauncherevent1260 C:\Users\Asif\VivadoProjects\Debouncing\Debouncing.xpr
# Log file: C:/Users/Asif/VivadoProjects/Debouncing/vivado.log
# Journal file: C:/Users/Asif/VivadoProjects/Debouncing\vivado.jou
#-----------------------------------------------------------
start_gui
open_project C:/Users/Asif/VivadoProjects/Debouncing/Debouncing.xpr
INFO: [Project 1-313] Project file moved from 'C:/Users/Joe Harris/Documents/Embedded Systems Cert/Logic Analysis_Design using Verilog/Redo Assignement/Debouncing' since last save.
Scanning sources...
Finished scanning sources
INFO: [Project 1-230] Project 'Debouncing.xpr' upgraded for this version of Vivado.
INFO: [IP_Flow 19-234] Refreshing IP repositories
INFO: [IP_Flow 19-1704] No user IP repositories specified
INFO: [IP_Flow 19-2313] Loaded Vivado IP repository 'D:/Xilinx/Vivado/2019.1/data/ip'.
open_project: Time (s): cpu = 00:00:16 ; elapsed = 00:00:07 . Memory (MB): peak = 863.363 ; gain = 183.691
update_compile_order -fileset sources_1
open_hw
connect_hw_server -url localhost:3121
INFO: [Labtools 27-2285] Connecting to hw_server url TCP:localhost:3121
INFO: [Labtools 27-2222] Launching hw_server...
INFO: [Labtools 27-2221] Launch Output:

****** Xilinx hw_server v2019.1
  **** Build date : May 24 2019 at 15:13:31
    ** Copyright 1986-2019 Xilinx, Inc. All Rights Reserved.


current_hw_target [get_hw_targets */xilinx_tcf/Digilent/210183B1695AA]
set_property PARAM.FREQUENCY 15000000 [get_hw_targets */xilinx_tcf/Digilent/210183B1695AA]
open_hw_target
INFO: [Labtoolstcl 44-466] Opening hw_target localhost:3121/xilinx_tcf/Digilent/210183B1695AA
open_hw_target: Time (s): cpu = 00:00:05 ; elapsed = 00:00:05 . Memory (MB): peak = 2029.176 ; gain = 1110.312
set_property PROGRAM.FILE {C:/Users/Asif/VivadoProjects/Debouncing/Debouncing.runs/impl_1/debouncing.bit} [get_hw_devices xc7a35t_0]
current_hw_device [get_hw_devices xc7a35t_0]
refresh_hw_device -update_hw_probes false [lindex [get_hw_devices xc7a35t_0] 0]
INFO: [Labtools 27-1434] Device xc7a35t (JTAG device index = 0) is programmed with a design that has no supported debug core(s) in it.
reset_run synth_1
launch_runs synth_1 -jobs 4
[Tue Jun 20 12:26:31 2023] Launched synth_1...
Run output will be captured here: C:/Users/Asif/VivadoProjects/Debouncing/Debouncing.runs/synth_1/runme.log
launch_runs impl_1 -jobs 4
[Tue Jun 20 12:27:17 2023] Launched impl_1...
Run output will be captured here: C:/Users/Asif/VivadoProjects/Debouncing/Debouncing.runs/impl_1/runme.log
reset_run synth_1
launch_runs synth_1 -jobs 4
[Tue Jun 20 12:30:58 2023] Launched synth_1...
Run output will be captured here: C:/Users/Asif/VivadoProjects/Debouncing/Debouncing.runs/synth_1/runme.log
launch_runs impl_1 -jobs 4
[Tue Jun 20 12:31:43 2023] Launched impl_1...
Run output will be captured here: C:/Users/Asif/VivadoProjects/Debouncing/Debouncing.runs/impl_1/runme.log
open_run impl_1
INFO: [Device 21-403] Loading part xc7a35tcpg236-1
INFO: [Common 17-41] Interrupt caught. Command should exit soon.
INFO: [Netlist 29-17] Analyzing 6 Unisim elements for replacement
INFO: [Netlist 29-28] Unisim Transformation completed in 0 CPU seconds
INFO: [Project 1-479] Netlist was created with Vivado 2019.1
open_run: Time (s): cpu = 00:00:12 ; elapsed = 00:00:15 . Memory (MB): peak = 2319.039 ; gain = 208.324
INFO: [Common 17-344] 'open_run' was cancelled
launch_runs impl_1 -to_step write_bitstream -jobs 4
[Tue Jun 20 12:33:28 2023] Launched impl_1...
Run output will be captured here: C:/Users/Asif/VivadoProjects/Debouncing/Debouncing.runs/impl_1/runme.log
open_run impl_1
INFO: [Netlist 29-17] Analyzing 6 Unisim elements for replacement
INFO: [Netlist 29-28] Unisim Transformation completed in 0 CPU seconds
INFO: [Project 1-479] Netlist was created with Vivado 2019.1
INFO: [Project 1-570] Preparing netlist for logic optimization
INFO: [Timing 38-478] Restoring timing data from binary archive.
INFO: [Timing 38-479] Binary timing data restore complete.
INFO: [Project 1-856] Restoring constraints from binary archive.
INFO: [Project 1-853] Binary constraint restore complete.
Reading XDEF placement.
Reading placer database...
Reading XDEF routing.
Read XDEF File: Time (s): cpu = 00:00:00 ; elapsed = 00:00:00.039 . Memory (MB): peak = 2981.078 ; gain = 0.000
Restored from archive | CPU: 0.000000 secs | Memory: 0.000000 MB |
Finished XDEF File Restore: Time (s): cpu = 00:00:00 ; elapsed = 00:00:00.040 . Memory (MB): peak = 2981.078 ; gain = 0.000
Netlist sorting complete. Time (s): cpu = 00:00:00 ; elapsed = 00:00:00 . Memory (MB): peak = 2981.078 ; gain = 0.000
INFO: [Project 1-111] Unisim Transformation Summary:
No Unisim elements were transformed.

open_run: Time (s): cpu = 00:00:23 ; elapsed = 00:00:15 . Memory (MB): peak = 3101.605 ; gain = 782.566
set_property PROBES.FILE {} [get_hw_devices xc7a35t_0]
set_property FULL_PROBES.FILE {} [get_hw_devices xc7a35t_0]
set_property PROGRAM.FILE {C:/Users/Asif/VivadoProjects/Debouncing/Debouncing.runs/impl_1/debouncing.bit} [get_hw_devices xc7a35t_0]
program_hw_devices [get_hw_devices xc7a35t_0]
INFO: [Labtools 27-3164] End of startup status: HIGH
refresh_hw_device [lindex [get_hw_devices xc7a35t_0] 0]
INFO: [Labtools 27-1434] Device xc7a35t (JTAG device index = 0) is programmed with a design that has no supported debug core(s) in it.
reset_run synth_1
launch_runs synth_1 -jobs 4
[Tue Jun 20 12:37:21 2023] Launched synth_1...
Run output will be captured here: C:/Users/Asif/VivadoProjects/Debouncing/Debouncing.runs/synth_1/runme.log
launch_runs impl_1 -jobs 4
[Tue Jun 20 12:38:13 2023] Launched impl_1...
Run output will be captured here: C:/Users/Asif/VivadoProjects/Debouncing/Debouncing.runs/impl_1/runme.log
refresh_design
INFO: [Netlist 29-17] Analyzing 6 Unisim elements for replacement
INFO: [Netlist 29-28] Unisim Transformation completed in 0 CPU seconds
INFO: [Project 1-479] Netlist was created with Vivado 2019.1
INFO: [Project 1-570] Preparing netlist for logic optimization
INFO: [Timing 38-478] Restoring timing data from binary archive.
INFO: [Timing 38-479] Binary timing data restore complete.
INFO: [Project 1-856] Restoring constraints from binary archive.
INFO: [Project 1-853] Binary constraint restore complete.
Reading XDEF placement.
Reading placer database...
Reading XDEF routing.
Read XDEF File: Time (s): cpu = 00:00:00 ; elapsed = 00:00:00.040 . Memory (MB): peak = 3107.230 ; gain = 0.000
Restored from archive | CPU: 0.000000 secs | Memory: 0.000000 MB |
Finished XDEF File Restore: Time (s): cpu = 00:00:00 ; elapsed = 00:00:00.040 . Memory (MB): peak = 3107.230 ; gain = 0.000
refresh_design: Time (s): cpu = 00:00:14 ; elapsed = 00:00:06 . Memory (MB): peak = 3216.594 ; gain = 114.988
launch_runs impl_1 -to_step write_bitstream -jobs 4
[Tue Jun 20 12:39:49 2023] Launched impl_1...
Run output will be captured here: C:/Users/Asif/VivadoProjects/Debouncing/Debouncing.runs/impl_1/runme.log
set_property PROBES.FILE {} [get_hw_devices xc7a35t_0]
set_property FULL_PROBES.FILE {} [get_hw_devices xc7a35t_0]
set_property PROGRAM.FILE {C:/Users/Asif/VivadoProjects/Debouncing/Debouncing.runs/impl_1/debouncing.bit} [get_hw_devices xc7a35t_0]
program_hw_devices [get_hw_devices xc7a35t_0]
INFO: [Labtools 27-3164] End of startup status: HIGH
refresh_hw_device [lindex [get_hw_devices xc7a35t_0] 0]
INFO: [Labtools 27-1434] Device xc7a35t (JTAG device index = 0) is programmed with a design that has no supported debug core(s) in it.
ERROR: [Labtoolstcl 44-513] HW Target shutdown. Closing target: localhost:3121/xilinx_tcf/Digilent/210183B1695AA
exit
INFO: [Common 17-206] Exiting Vivado at Tue Jun 20 14:07:58 2023...
