#-----------------------------------------------------------
# Vivado v2019.1 (64-bit)
# SW Build 2552052 on Fri May 24 14:49:42 MDT 2019
# IP Build 2548770 on Fri May 24 18:01:18 MDT 2019
# Start of session at: Sun Jun 18 15:30:13 2023
# Process ID: 8304
# Current directory: C:/Users/Asif/VivadoProjects/Lab7_Task2
# Command line: vivado.exe -gui_launcher_event rodinguilauncherevent15344 C:\Users\Asif\VivadoProjects\Lab7_Task2\Lab7_Task2.xpr
# Log file: C:/Users/Asif/VivadoProjects/Lab7_Task2/vivado.log
# Journal file: C:/Users/Asif/VivadoProjects/Lab7_Task2\vivado.jou
#-----------------------------------------------------------
start_gui
open_project C:/Users/Asif/VivadoProjects/Lab7_Task2/Lab7_Task2.xpr
Scanning sources...
Finished scanning sources
INFO: [IP_Flow 19-234] Refreshing IP repositories
INFO: [IP_Flow 19-1704] No user IP repositories specified
INFO: [IP_Flow 19-2313] Loaded Vivado IP repository 'D:/Xilinx/Vivado/2019.1/data/ip'.
open_project: Time (s): cpu = 00:00:16 ; elapsed = 00:00:07 . Memory (MB): peak = 859.926 ; gain = 173.004
update_compile_order -fileset sources_1
launch_simulation
INFO: [Vivado 12-5682] Launching behavioral simulation in 'C:/Users/Asif/VivadoProjects/Lab7_Task2/Lab7_Task2.sim/sim_1/behav/xsim'
INFO: [SIM-utils-51] Simulation object is 'sim_1'
INFO: [SIM-utils-54] Inspecting design source files for 'Master_slave_FF_Sim' in fileset 'sim_1'...
INFO: [USF-XSim-97] Finding global include files...
INFO: [USF-XSim-98] Fetching design files from 'sim_1'...
INFO: [USF-XSim-2] XSim::Compile design
INFO: [USF-XSim-61] Executing 'COMPILE and ANALYZE' step in 'C:/Users/Asif/VivadoProjects/Lab7_Task2/Lab7_Task2.sim/sim_1/behav/xsim'
"xvlog --incr --relax -prj Master_slave_FF_Sim_vlog.prj"
INFO: [USF-XSim-69] 'compile' step finished in '1' seconds
INFO: [USF-XSim-3] XSim::Elaborate design
INFO: [USF-XSim-61] Executing 'ELABORATE' step in 'C:/Users/Asif/VivadoProjects/Lab7_Task2/Lab7_Task2.sim/sim_1/behav/xsim'
"xelab -wto c3e7f471fd2c4ecd8c52c8ade087b635 --incr --debug typical --relax --mt 2 -L xil_defaultlib -L unisims_ver -L unimacro_ver -L secureip --snapshot Master_slave_FF_Sim_behav xil_defaultlib.Master_slave_FF_Sim xil_defaultlib.glbl -log elaborate.log"
Vivado Simulator 2019.1
Copyright 1986-1999, 2001-2019 Xilinx, Inc. All Rights Reserved.
Running: D:/Xilinx/Vivado/2019.1/bin/unwrapped/win64.o/xelab.exe -wto c3e7f471fd2c4ecd8c52c8ade087b635 --incr --debug typical --relax --mt 2 -L xil_defaultlib -L unisims_ver -L unimacro_ver -L secureip --snapshot Master_slave_FF_Sim_behav xil_defaultlib.Master_slave_FF_Sim xil_defaultlib.glbl -log elaborate.log 
Using 2 slave threads.
Starting static elaboration
Completed static elaboration
INFO: [XSIM 43-4323] No Change in HDL. Linking previously generated obj files to create kernel
INFO: [USF-XSim-69] 'elaborate' step finished in '1' seconds
INFO: [USF-XSim-4] XSim::Simulate design
INFO: [USF-XSim-61] Executing 'SIMULATE' step in 'C:/Users/Asif/VivadoProjects/Lab7_Task2/Lab7_Task2.sim/sim_1/behav/xsim'
INFO: [USF-XSim-98] *** Running xsim
   with args "Master_slave_FF_Sim_behav -key {Behavioral:sim_1:Functional:Master_slave_FF_Sim} -tclbatch {Master_slave_FF_Sim.tcl} -log {simulate.log}"
INFO: [USF-XSim-8] Loading simulator feature
Vivado Simulator 2019.1
Time resolution is 1 ps
source Master_slave_FF_Sim.tcl
# set curr_wave [current_wave_config]
# if { [string length $curr_wave] == 0 } {
#   if { [llength [get_objects]] > 0} {
#     add_wave /
#     set_property needs_save false [current_wave_config]
#   } else {
#      send_msg_id Add_Wave-1 WARNING "No top level signals found. Simulator will start without a wave window. If you want to open a wave window go to 'File->New Waveform Configuration' or type 'create_wave_config' in the TCL console."
#   }
# }
# run 1000ns
INFO: [USF-XSim-96] XSim completed. Design snapshot 'Master_slave_FF_Sim_behav' loaded.
INFO: [USF-XSim-97] XSim simulation ran for 1000ns
launch_simulation: Time (s): cpu = 00:00:10 ; elapsed = 00:00:07 . Memory (MB): peak = 880.641 ; gain = 6.566
close_sim
INFO: [Simtcl 6-16] Simulation closed
close_sim: Time (s): cpu = 00:00:02 ; elapsed = 00:00:08 . Memory (MB): peak = 885.621 ; gain = 0.000
file mkdir C:/Users/Asif/VivadoProjects/Lab7_Task2/Lab7_Task2.srcs/constrs_1
add_files -fileset constrs_1 -norecurse C:/Users/Asif/VivadoProjects/Lab7_Task2/Basys-3-Master.xdc
launch_runs synth_1 -jobs 4
[Sun Jun 18 15:35:46 2023] Launched synth_1...
Run output will be captured here: C:/Users/Asif/VivadoProjects/Lab7_Task2/Lab7_Task2.runs/synth_1/runme.log
launch_runs impl_1 -jobs 4
[Sun Jun 18 15:37:27 2023] Launched impl_1...
Run output will be captured here: C:/Users/Asif/VivadoProjects/Lab7_Task2/Lab7_Task2.runs/impl_1/runme.log
open_run impl_1
INFO: [Device 21-403] Loading part xc7a35tcpg236-1
INFO: [Project 1-479] Netlist was created with Vivado 2019.1
INFO: [Project 1-570] Preparing netlist for logic optimization
INFO: [Timing 38-478] Restoring timing data from binary archive.
INFO: [Timing 38-479] Binary timing data restore complete.
INFO: [Project 1-856] Restoring constraints from binary archive.
INFO: [Project 1-853] Binary constraint restore complete.
Reading XDEF placement.
Reading placer database...
Reading XDEF routing.
Read XDEF File: Time (s): cpu = 00:00:00 ; elapsed = 00:00:00.033 . Memory (MB): peak = 1736.629 ; gain = 0.000
Restored from archive | CPU: 0.000000 secs | Memory: 0.000000 MB |
Finished XDEF File Restore: Time (s): cpu = 00:00:00 ; elapsed = 00:00:00.033 . Memory (MB): peak = 1736.629 ; gain = 0.000
Netlist sorting complete. Time (s): cpu = 00:00:00 ; elapsed = 00:00:00 . Memory (MB): peak = 1736.629 ; gain = 0.000
INFO: [Project 1-111] Unisim Transformation Summary:
No Unisim elements were transformed.

open_run: Time (s): cpu = 00:00:26 ; elapsed = 00:00:21 . Memory (MB): peak = 1871.027 ; gain = 958.664
WARNING: [Timing 38-313] There are no user specified timing constraints. Timing constraints are needed for proper timing analysis.
exit
INFO: [Common 17-206] Exiting Vivado at Sun Jun 18 15:41:10 2023...
