#-----------------------------------------------------------
# Vivado v2019.1 (64-bit)
# SW Build 2552052 on Fri May 24 14:49:42 MDT 2019
# IP Build 2548770 on Fri May 24 18:01:18 MDT 2019
# Start of session at: Sun Jun 18 22:14:51 2023
# Process ID: 5812
# Current directory: C:/Users/Asif/VivadoProjects/Lab8_Task1
# Command line: vivado.exe -gui_launcher_event rodinguilauncherevent13672 C:\Users\Asif\VivadoProjects\Lab8_Task1\Lab8_Task1.xpr
# Log file: C:/Users/Asif/VivadoProjects/Lab8_Task1/vivado.log
# Journal file: C:/Users/Asif/VivadoProjects/Lab8_Task1\vivado.jou
#-----------------------------------------------------------
start_gui
open_project C:/Users/Asif/VivadoProjects/Lab8_Task1/Lab8_Task1.xpr
INFO: [Common 17-41] Interrupt caught. Command should exit soon.
INFO: [Common 17-344] 'open_project' was cancelled
exit
INFO: [Common 17-206] Exiting Vivado at Sun Jun 18 22:15:16 2023...
ado IP repository 'D:/Xilinx/Vivado/2019.1/data/ip'.
open_project: Time (s): cpu = 00:00:22 ; elapsed = 00:00:10 . Memory (MB): peak = 867.246 ; gain = 229.715
update_compile_order -fileset sources_1
add_files -fileset constrs_1 -norecurse C:/Users/Asif/VivadoProjects/Lab8_Task1/Basys-3-Master.xdc
launch_runs synth_1 -jobs 4
[Sun Jun 18 22:16:55 2023] Launched synth_1...
Run output will be captured here: C:/Users/Asif/VivadoProjects/Lab8_Task1/Lab8_Task1.runs/synth_1/runme.log
reset_run synth_1
launch_runs synth_1 -jobs 4
[Sun Jun 18 22:20:06 2023] Launched synth_1...
Run output will be captured here: C:/Users/Asif/VivadoProjects/Lab8_Task1/Lab8_Task1.runs/synth_1/runme.log
reset_run synth_1
launch_runs synth_1 -jobs 4
[Sun Jun 18 22:21:39 2023] Launched synth_1...
Run output will be captured here: C:/Users/Asif/VivadoProjects/Lab8_Task1/Lab8_Task1.runs/synth_1/runme.log
close_project
open_project C:/Users/Asif/VivadoProjects/Lab8_Task1/Lab8_Task1.xpr
Scanning sources...
Finished scanning sources
INFO: [IP_Flow 19-234] Refreshing IP repositories
INFO: [IP_Flow 19-1704] No user IP repositories specified
INFO: [IP_Flow 19-2313] Loaded Vivado IP repository 'D:/Xilinx/Vivado/2019.1/data/ip'.
update_compile_order -fileset sources_1
reset_run synth_1
launch_runs synth_1 -jobs 4
[Sun Jun 18 22:24:32 2023] Launched synth_1...
Run output will be captured here: C:/Users/Asif/VivadoProjects/Lab8_Task1/Lab8_Task1.runs/synth_1/runme.log
reset_run synth_1
launch_runs synth_1 -jobs 4
[Sun Jun 18 22:26:06 2023] Launched synth_1...
Run output will be captured here: C:/Users/Asif/VivadoProjects/Lab8_Task1/Lab8_Task1.runs/synth_1/runme.log
launch_simulation
INFO: [Vivado 12-5682] Launching behavioral simulation in 'C:/Users/Asif/VivadoProjects/Lab8_Task1/Lab8_Task1.sim/sim_1/behav/xsim'
INFO: [SIM-utils-51] Simulation object is 'sim_1'
INFO: [SIM-utils-54] Inspecting design source files for 'Serial_in_Serial_out_Sim' in fileset 'sim_1'...
INFO: [USF-XSim-97] Finding global include files...
INFO: [USF-XSim-98] Fetching design files from 'sim_1'...
INFO: [USF-XSim-2] XSim::Compile design
INFO: [USF-XSim-61] Executing 'COMPILE and ANALYZE' step in 'C:/Users/Asif/VivadoProjects/Lab8_Task1/Lab8_Task1.sim/sim_1/behav/xsim'
"xvlog --incr --relax -prj Serial_in_Serial_out_Sim_vlog.prj"
INFO: [USF-XSim-69] 'compile' step finished in '2' seconds
INFO: [USF-XSim-3] XSim::Elaborate design
INFO: [USF-XSim-61] Executing 'ELABORATE' step in 'C:/Users/Asif/VivadoProjects/Lab8_Task1/Lab8_Task1.sim/sim_1/behav/xsim'
"xelab -wto 8f5fa1cf34db4c4ba480eb9b880c2486 --incr --debug typical --relax --mt 2 -L xil_defaultlib -L unisims_ver -L unimacro_ver -L secureip --snapshot Serial_in_Serial_out_Sim_behav xil_defaultlib.Serial_in_Serial_out_Sim xil_defaultlib.glbl -log elaborate.log"
Vivado Simulator 2019.1
Copyright 1986-1999, 2001-2019 Xilinx, Inc. All Rights Reserved.
Running: D:/Xilinx/Vivado/2019.1/bin/unwrapped/win64.o/xelab.exe -wto 8f5fa1cf34db4c4ba480eb9b880c2486 --incr --debug typical --relax --mt 2 -L xil_defaultlib -L unisims_ver -L unimacro_ver -L secureip --snapshot Serial_in_Serial_out_Sim_behav xil_defaultlib.Serial_in_Serial_out_Sim xil_defaultlib.glbl -log elaborate.log 
Using 2 slave threads.
Starting static elaboration
Completed static elaboration
INFO: [XSIM 43-4323] No Change in HDL. Linking previously generated obj files to create kernel
INFO: [USF-XSim-69] 'elaborate' step finished in '1' seconds
INFO: [USF-XSim-4] XSim::Simulate design
INFO: [USF-XSim-61] Executing 'SIMULATE' step in 'C:/Users/Asif/VivadoProjects/Lab8_Task1/Lab8_Task1.sim/sim_1/behav/xsim'
INFO: [USF-XSim-98] *** Running xsim
   with args "Serial_in_Serial_out_Sim_behav -key {Behavioral:sim_1:Functional:Serial_in_Serial_out_Sim} -tclbatch {Serial_in_Serial_out_Sim.tcl} -log {simulate.log}"
INFO: [USF-XSim-8] Loading simulator feature
Vivado Simulator 2019.1
Time resolution is 1 ps
source Serial_in_Serial_out_Sim.tcl
# set curr_wave [current_wave_config]
# if { [string length $curr_wave] == 0 } {
#   if { [llength [get_objects]] > 0} {
#     add_wave /
#     set_property needs_save false [current_wave_config]
#   } else {
#      send_msg_id Add_Wave-1 WARNING "No top level signals found. Simulator will start without a wave window. If you want to open a wave window go to 'File->New Waveform Configuration' or type 'create_wave_config' in the TCL console."
#   }
# }
# run 1000ns
INFO: [USF-XSim-96] XSim completed. Design snapshot 'Serial_in_Serial_out_Sim_behav' loaded.
INFO: [USF-XSim-97] XSim simulation ran for 1000ns
launch_simulation: Time (s): cpu = 00:00:05 ; elapsed = 00:00:07 . Memory (MB): peak = 970.812 ; gain = 0.000
reset_run synth_1
WARNING: [Vivado 12-1017] Problems encountered:
1. Failed to delete one or more files in run directory C:/Users/Asif/VivadoProjects/Lab8_Task1/Lab8_Task1.runs/synth_1

launch_runs synth_1 -jobs 4
[Sun Jun 18 22:31:51 2023] Launched synth_1...
Run output will be captured here: C:/Users/Asif/VivadoProjects/Lab8_Task1/Lab8_Task1.runs/synth_1/runme.log
close_sim
INFO: [Simtcl 6-16] Simulation closed
close_sim: Time (s): cpu = 00:00:02 ; elapsed = 00:00:09 . Memory (MB): peak = 1004.047 ; gain = 3.352
exit
INFO: [Common 17-206] Exiting Vivado at Sun Jun 18 22:33:51 2023...
