
*** Running vivado
    with args -log Adder_4_bit.vdi -applog -m64 -product Vivado -messageDb vivado.pb -mode batch -source Adder_4_bit.tcl -notrace


****** Vivado v2019.1 (64-bit)
  **** SW Build 2552052 on Fri May 24 14:49:42 MDT 2019
  **** IP Build 2548770 on Fri May 24 18:01:18 MDT 2019
    ** Copyright 1986-2019 Xilinx, Inc. All Rights Reserved.

source Adder_4_bit.tcl -notrace
Command: link_design -top Adder_4_bit -part xc7a35tcpg236-1
Design is defaulting to srcset: sources_1
Design is defaulting to constrset: constrs_1
INFO: [Device 21-403] Loading part xc7a35tcpg236-1
INFO: [Project 1-479] Netlist was created with Vivado 2019.1
INFO: [Project 1-570] Preparing netlist for logic optimization
Parsing XDC File [C:/Users/Asif/Desktop/RapidSilicon/digilent-xdc-master/Basys-3-Master.xdc]
WARNING: [Vivado 12-584] No ports matched 'clk1'. [C:/Users/Asif/Desktop/RapidSilicon/digilent-xdc-master/Basys-3-Master.xdc:7]
CRITICAL WARNING: [Common 17-55] 'set_property' expects at least one object. [C:/Users/Asif/Desktop/RapidSilicon/digilent-xdc-master/Basys-3-Master.xdc:7]
Resolution: If [get_<value>] was used to populate the object, check to make sure this command returns at least one valid object.
WARNING: [Vivado 12-584] No ports matched 'reset'. [C:/Users/Asif/Desktop/RapidSilicon/digilent-xdc-master/Basys-3-Master.xdc:27]
CRITICAL WARNING: [Common 17-55] 'set_property' expects at least one object. [C:/Users/Asif/Desktop/RapidSilicon/digilent-xdc-master/Basys-3-Master.xdc:27]
Resolution: If [get_<value>] was used to populate the object, check to make sure this command returns at least one valid object.
Finished Parsing XDC File [C:/Users/Asif/Desktop/RapidSilicon/digilent-xdc-master/Basys-3-Master.xdc]
INFO: [Opt 31-138] Pushed 0 inverter(s) to 0 load pin(s).
Netlist sorting complete. Time (s): cpu = 00:00:00 ; elapsed = 00:00:00 . Memory (MB): peak = 755.660 ; gain = 0.000
INFO: [Project 1-111] Unisim Transformation Summary:
No Unisim elements were transformed.

5 Infos, 2 Warnings, 2 Critical Warnings and 0 Errors encountered.
link_design completed successfully
link_design: Time (s): cpu = 00:00:07 ; elapsed = 00:00:08 . Memory (MB): peak = 759.676 ; gain = 374.121
Command: opt_design
Attempting to get a license for feature 'Implementation' and/or device 'xc7a35t'
INFO: [Common 17-349] Got license for feature 'Implementation' and/or device 'xc7a35t'
Running DRC as a precondition to command opt_design

Starting DRC Task
INFO: [DRC 23-27] Running DRC with 2 threads
INFO: [Project 1-461] DRC finished with 0 Errors
INFO: [Project 1-462] Please refer to the DRC report (report_drc) for more information.

Time (s): cpu = 00:00:01 ; elapsed = 00:00:00.645 . Memory (MB): peak = 778.707 ; gain = 19.031

Starting Cache Timing Information Task
INFO: [Timing 38-35] Done setting XDC timing constraints.
Ending Cache Timing Information Task | Checksum: 20d06c0b5

Time (s): cpu = 00:00:10 ; elapsed = 00:00:10 . Memory (MB): peak = 1306.133 ; gain = 527.426

Starting Logic Optimization Task

Phase 1 Retarget
INFO: [Opt 31-138] Pushed 0 inverter(s) to 0 load pin(s).
INFO: [Opt 31-49] Retargeted 0 cell(s).
Phase 1 Retarget | Checksum: 20d06c0b5

Time (s): cpu = 00:00:00 ; elapsed = 00:00:00.008 . Memory (MB): peak = 1440.305 ; gain = 0.000
INFO: [Opt 31-389] Phase Retarget created 0 cells and removed 0 cells

Phase 2 Constant propagation
INFO: [Opt 31-138] Pushed 0 inverter(s) to 0 load pin(s).
Phase 2 Constant propagation | Checksum: 20d06c0b5

Time (s): cpu = 00:00:00 ; elapsed = 00:00:00.009 . Memory (MB): peak = 1440.305 ; gain = 0.000
INFO: [Opt 31-389] Phase Constant propagation created 0 cells and removed 0 cells

Phase 3 Sweep
Phase 3 Sweep | Checksum: 20d06c0b5

Time (s): cpu = 00:00:00 ; elapsed = 00:00:00.010 . Memory (MB): peak = 1440.305 ; gain = 0.000
INFO: [Opt 31-389] Phase Sweep created 0 cells and removed 0 cells

Phase 4 BUFG optimization
Phase 4 BUFG optimization | Checksum: 20d06c0b5

Time (s): cpu = 00:00:00 ; elapsed = 00:00:00.011 . Memory (MB): peak = 1440.305 ; gain = 0.000
INFO: [Opt 31-662] Phase BUFG optimization created 0 cells of which 0 are BUFGs and removed 0 cells.

Phase 5 Shift Register Optimization
INFO: [Opt 31-1064] SRL Remap converted 0 SRLs to 0 registers and converted 0 registers of register chains to 0 SRLs
Phase 5 Shift Register Optimization | Checksum: 20d06c0b5

Time (s): cpu = 00:00:00 ; elapsed = 00:00:00.013 . Memory (MB): peak = 1440.305 ; gain = 0.000
INFO: [Opt 31-389] Phase Shift Register Optimization created 0 cells and removed 0 cells

Phase 6 Post Processing Netlist
Phase 6 Post Processing Netlist | Checksum: 20d06c0b5

Time (s): cpu = 00:00:00 ; elapsed = 00:00:00.014 . Memory (MB): peak = 1440.305 ; gain = 0.000
INFO: [Opt 31-389] Phase Post Processing Netlist created 0 cells and removed 0 cells
Opt_design Change Summary
=========================


-------------------------------------------------------------------------------------------------------------------------
|  Phase                        |  #Cells created  |  #Cells Removed  |  #Constrained objects preventing optimizations  |
-------------------------------------------------------------------------------------------------------------------------
|  Retarget                     |               0  |               0  |                                              0  |
|  Constant propagation         |               0  |               0  |                                              0  |
|  Sweep                        |               0  |               0  |                                              0  |
|  BUFG optimization            |               0  |               0  |                                              0  |
|  Shift Register Optimization  |               0  |               0  |                                              0  |
|  Post Processing Netlist      |               0  |               0  |                                              0  |
-------------------------------------------------------------------------------------------------------------------------



Starting Connectivity Check Task

Time (s): cpu = 00:00:00 ; elapsed = 00:00:00 . Memory (MB): peak = 1440.305 ; gain = 0.000
Ending Logic Optimization Task | Checksum: 20d06c0b5

Time (s): cpu = 00:00:00 ; elapsed = 00:00:00.016 . Memory (MB): peak = 1440.305 ; gain = 0.000

Starting Power Optimization Task
INFO: [Pwropt 34-132] Skipping clock gating for clocks with a period < 2.00 ns.
Ending Power Optimization Task | Checksum: 20d06c0b5

Time (s): cpu = 00:00:00 ; elapsed = 00:00:00.007 . Memory (MB): peak = 1440.305 ; gain = 0.000

Starting Final Cleanup Task
Ending Final Cleanup Task | Checksum: 20d06c0b5

Time (s): cpu = 00:00:00 ; elapsed = 00:00:00 . Memory (MB): peak = 1440.305 ; gain = 0.000

Starting Netlist Obfuscation Task
Netlist sorting complete. Time (s): cpu = 00:00:00 ; elapsed = 00:00:00 . Memory (MB): peak = 1440.305 ; gain = 0.000
Ending Netlist Obfuscation Task | Checksum: 20d06c0b5

Time (s): cpu = 00:00:00 ; elapsed = 00:00:00 . Memory (MB): peak = 1440.305 ; gain = 0.000
INFO: [Common 17-83] Releasing license: Implementation
22 Infos, 2 Warnings, 2 Critical Warnings and 0 Errors encountered.
opt_design completed successfully
opt_design: Time (s): cpu = 00:00:13 ; elapsed = 00:00:12 . Memory (MB): peak = 1440.305 ; gain = 680.629
Netlist sorting complete. Time (s): cpu = 00:00:00 ; elapsed = 00:00:00 . Memory (MB): peak = 1440.305 ; gain = 0.000
INFO: [Timing 38-480] Writing timing data to binary archive.
Writing placer database...
Writing XDEF routing.
Writing XDEF routing logical nets.
Writing XDEF routing special nets.
Write XDEF Complete: Time (s): cpu = 00:00:00 ; elapsed = 00:00:00.044 . Memory (MB): peak = 1440.305 ; gain = 0.000
INFO: [Common 17-1381] The checkpoint 'C:/Users/Asif/VivadoProjects/Lab0/Lab0.runs/impl_1/Adder_4_bit_opt.dcp' has been generated.
INFO: [runtcl-4] Executing : report_drc -file Adder_4_bit_drc_opted.rpt -pb Adder_4_bit_drc_opted.pb -rpx Adder_4_bit_drc_opted.rpx
Command: report_drc -file Adder_4_bit_drc_opted.rpt -pb Adder_4_bit_drc_opted.pb -rpx Adder_4_bit_drc_opted.rpx
INFO: [IP_Flow 19-234] Refreshing IP repositories
INFO: [IP_Flow 19-1704] No user IP repositories specified
INFO: [IP_Flow 19-2313] Loaded Vivado IP repository 'D:/Xilinx/Vivado/2019.1/data/ip'.
INFO: [DRC 23-27] Running DRC with 2 threads
INFO: [Coretcl 2-168] The results of DRC are in file C:/Users/Asif/VivadoProjects/Lab0/Lab0.runs/impl_1/Adder_4_bit_drc_opted.rpt.
report_drc completed successfully
Command: place_design
Attempting to get a license for feature 'Implementation' and/or device 'xc7a35t'
INFO: [Common 17-349] Got license for feature 'Implementation' and/or device 'xc7a35t'
INFO: [DRC 23-27] Running DRC with 2 threads
INFO: [Vivado_Tcl 4-198] DRC finished with 0 Errors
INFO: [Vivado_Tcl 4-199] Please refer to the DRC report (report_drc) for more information.
Running DRC as a precondition to command place_design
INFO: [DRC 23-27] Running DRC with 2 threads
INFO: [Vivado_Tcl 4-198] DRC finished with 0 Errors
INFO: [Vivado_Tcl 4-199] Please refer to the DRC report (report_drc) for more information.

Starting Placer Task
INFO: [Place 30-611] Multithreading enabled for place_design using a maximum of 2 CPUs

Phase 1 Placer Initialization

Phase 1.1 Placer Initialization Netlist Sorting
Netlist sorting complete. Time (s): cpu = 00:00:00 ; elapsed = 00:00:00 . Memory (MB): peak = 1440.305 ; gain = 0.000
Phase 1.1 Placer Initialization Netlist Sorting | Checksum: 19f6313b2

Time (s): cpu = 00:00:00 ; elapsed = 00:00:00.004 . Memory (MB): peak = 1440.305 ; gain = 0.000
Netlist sorting complete. Time (s): cpu = 00:00:00 ; elapsed = 00:00:00 . Memory (MB): peak = 1440.305 ; gain = 0.000

Phase 1.2 IO Placement/ Clock Placement/ Build Placer Device
INFO: [Timing 38-35] Done setting XDC timing constraints.
Phase 1.2 IO Placement/ Clock Placement/ Build Placer Device | Checksum: 19f6313b2

Time (s): cpu = 00:00:01 ; elapsed = 00:00:00.789 . Memory (MB): peak = 1440.305 ; gain = 0.000

Phase 1.3 Build Placer Netlist Model
Phase 1.3 Build Placer Netlist Model | Checksum: 25ae20e5a

Time (s): cpu = 00:00:01 ; elapsed = 00:00:00.799 . Memory (MB): peak = 1440.305 ; gain = 0.000

Phase 1.4 Constrain Clocks/Macros
Phase 1.4 Constrain Clocks/Macros | Checksum: 25ae20e5a

Time (s): cpu = 00:00:01 ; elapsed = 00:00:00.801 . Memory (MB): peak = 1440.305 ; gain = 0.000
Phase 1 Placer Initialization | Checksum: 25ae20e5a

Time (s): cpu = 00:00:01 ; elapsed = 00:00:00.802 . Memory (MB): peak = 1440.305 ; gain = 0.000

Phase 2 Global Placement

Phase 2.1 Floorplanning
Phase 2.1 Floorplanning | Checksum: 25ae20e5a

Time (s): cpu = 00:00:01 ; elapsed = 00:00:00.804 . Memory (MB): peak = 1440.305 ; gain = 0.000

Phase 2.2 Global Placement Core
WARNING: [Place 46-29] place_design is not in timing mode. Skip physical synthesis in placer
Phase 2.2 Global Placement Core | Checksum: 24a3a88a5

Time (s): cpu = 00:00:02 ; elapsed = 00:00:01 . Memory (MB): peak = 1440.305 ; gain = 0.000
Phase 2 Global Placement | Checksum: 24a3a88a5

Time (s): cpu = 00:00:02 ; elapsed = 00:00:01 . Memory (MB): peak = 1440.305 ; gain = 0.000

Phase 3 Detail Placement

Phase 3.1 Commit Multi Column Macros
Phase 3.1 Commit Multi Column Macros | Checksum: 24a3a88a5

Time (s): cpu = 00:00:02 ; elapsed = 00:00:01 . Memory (MB): peak = 1440.305 ; gain = 0.000

Phase 3.2 Commit Most Macros & LUTRAMs
Phase 3.2 Commit Most Macros & LUTRAMs | Checksum: 277e431fc

Time (s): cpu = 00:00:02 ; elapsed = 00:00:01 . Memory (MB): peak = 1440.305 ; gain = 0.000

Phase 3.3 Area Swap Optimization
Phase 3.3 Area Swap Optimization | Checksum: 2900dd220

Time (s): cpu = 00:00:02 ; elapsed = 00:00:01 . Memory (MB): peak = 1440.305 ; gain = 0.000

Phase 3.4 Pipeline Register Optimization
Phase 3.4 Pipeline Register Optimization | Checksum: 2900dd220

Time (s): cpu = 00:00:02 ; elapsed = 00:00:01 . Memory (MB): peak = 1440.305 ; gain = 0.000

Phase 3.5 Small Shape Detail Placement
Phase 3.5 Small Shape Detail Placement | Checksum: 23f403f18

Time (s): cpu = 00:00:03 ; elapsed = 00:00:02 . Memory (MB): peak = 1440.305 ; gain = 0.000

Phase 3.6 Re-assign LUT pins
Phase 3.6 Re-assign LUT pins | Checksum: 23f403f18

Time (s): cpu = 00:00:03 ; elapsed = 00:00:02 . Memory (MB): peak = 1440.305 ; gain = 0.000

Phase 3.7 Pipeline Register Optimization
Phase 3.7 Pipeline Register Optimization | Checksum: 23f403f18

Time (s): cpu = 00:00:03 ; elapsed = 00:00:02 . Memory (MB): peak = 1440.305 ; gain = 0.000
Phase 3 Detail Placement | Checksum: 23f403f18

Time (s): cpu = 00:00:03 ; elapsed = 00:00:02 . Memory (MB): peak = 1440.305 ; gain = 0.000

Phase 4 Post Placement Optimization and Clean-Up

Phase 4.1 Post Commit Optimization
Phase 4.1 Post Commit Optimization | Checksum: 23f403f18

Time (s): cpu = 00:00:03 ; elapsed = 00:00:02 . Memory (MB): peak = 1440.305 ; gain = 0.000

Phase 4.2 Post Placement Cleanup
Phase 4.2 Post Placement Cleanup | Checksum: 23f403f18

Time (s): cpu = 00:00:03 ; elapsed = 00:00:02 . Memory (MB): peak = 1440.305 ; gain = 0.000

Phase 4.3 Placer Reporting
Phase 4.3 Placer Reporting | Checksum: 23f403f18

Time (s): cpu = 00:00:03 ; elapsed = 00:00:02 . Memory (MB): peak = 1440.305 ; gain = 0.000

Phase 4.4 Final Placement Cleanup
Netlist sorting complete. Time (s): cpu = 00:00:00 ; elapsed = 00:00:00 . Memory (MB): peak = 1440.305 ; gain = 0.000
Phase 4.4 Final Placement Cleanup | Checksum: 23f403f18

Time (s): cpu = 00:00:03 ; elapsed = 00:00:02 . Memory (MB): peak = 1440.305 ; gain = 0.000
Phase 4 Post Placement Optimization and Clean-Up | Checksum: 23f403f18

Time (s): cpu = 00:00:03 ; elapsed = 00:00:02 . Memory (MB): peak = 1440.305 ; gain = 0.000
Ending Placer Task | Checksum: 1efb0be90

Time (s): cpu = 00:00:03 ; elapsed = 00:00:02 . Memory (MB): peak = 1440.305 ; gain = 0.000
INFO: [Common 17-83] Releasing license: Implementation
40 Infos, 3 Warnings, 2 Critical Warnings and 0 Errors encountered.
place_design completed successfully
Netlist sorting complete. Time (s): cpu = 00:00:00 ; elapsed = 00:00:00 . Memory (MB): peak = 1440.305 ; gain = 0.000
INFO: [Timing 38-480] Writing timing data to binary archive.
Writing placer database...
Writing XDEF routing.
Writing XDEF routing logical nets.
Writing XDEF routing special nets.
Write XDEF Complete: Time (s): cpu = 00:00:00 ; elapsed = 00:00:00.049 . Memory (MB): peak = 1451.160 ; gain = 10.855
INFO: [Common 17-1381] The checkpoint 'C:/Users/Asif/VivadoProjects/Lab0/Lab0.runs/impl_1/Adder_4_bit_placed.dcp' has been generated.
INFO: [runtcl-4] Executing : report_io -file Adder_4_bit_io_placed.rpt
report_io: Time (s): cpu = 00:00:01 ; elapsed = 00:00:00.040 . Memory (MB): peak = 1451.160 ; gain = 0.000
INFO: [runtcl-4] Executing : report_utilization -file Adder_4_bit_utilization_placed.rpt -pb Adder_4_bit_utilization_placed.pb
INFO: [runtcl-4] Executing : report_control_sets -verbose -file Adder_4_bit_control_sets_placed.rpt
report_control_sets: Time (s): cpu = 00:00:00 ; elapsed = 00:00:00.001 . Memory (MB): peak = 1451.160 ; gain = 0.000
Command: route_design
Attempting to get a license for feature 'Implementation' and/or device 'xc7a35t'
INFO: [Common 17-349] Got license for feature 'Implementation' and/or device 'xc7a35t'
Running DRC as a precondition to command route_design
INFO: [DRC 23-27] Running DRC with 2 threads
INFO: [Vivado_Tcl 4-198] DRC finished with 0 Errors
INFO: [Vivado_Tcl 4-199] Please refer to the DRC report (report_drc) for more information.


Starting Routing Task
INFO: [Route 35-254] Multithreading enabled for route_design using a maximum of 2 CPUs
Checksum: PlaceDB: f58bb015 ConstDB: 0 ShapeSum: fa250e7b RouteDB: 0

Phase 1 Build RT Design
Phase 1 Build RT Design | Checksum: 14f8eccdc

Time (s): cpu = 00:00:24 ; elapsed = 00:00:21 . Memory (MB): peak = 1551.527 ; gain = 89.289
Post Restoration Checksum: NetGraph: f919d49b NumContArr: 5674f841 Constraints: 0 Timing: 0

Phase 2 Router Initialization
INFO: [Route 35-64] No timing constraints were detected. The router will operate in resource-optimization mode.

Phase 2.1 Fix Topology Constraints
Phase 2.1 Fix Topology Constraints | Checksum: 14f8eccdc

Time (s): cpu = 00:00:24 ; elapsed = 00:00:21 . Memory (MB): peak = 1557.574 ; gain = 95.336

Phase 2.2 Pre Route Cleanup
Phase 2.2 Pre Route Cleanup | Checksum: 14f8eccdc

Time (s): cpu = 00:00:24 ; elapsed = 00:00:21 . Memory (MB): peak = 1557.574 ; gain = 95.336
 Number of Nodes with overlaps = 0
Phase 2 Router Initialization | Checksum: d7444013

Time (s): cpu = 00:00:24 ; elapsed = 00:00:21 . Memory (MB): peak = 1558.844 ; gain = 96.605

Router Utilization Summary
  Global Vertical Routing Utilization    = 0 %
  Global Horizontal Routing Utilization  = 0 %
  Routable Net Status*
  *Does not include unroutable nets such as driverless and loadless.
  Run report_route_status for detailed report.
  Number of Failed Nets               = 10
    (Failed Nets is the sum of unrouted and partially routed nets)
  Number of Unrouted Nets             = 10
  Number of Partially Routed Nets     = 0
  Number of Node Overlaps             = 0


Phase 3 Initial Routing
Phase 3 Initial Routing | Checksum: 150051b16

Time (s): cpu = 00:00:24 ; elapsed = 00:00:22 . Memory (MB): peak = 1560.969 ; gain = 98.730

Phase 4 Rip-up And Reroute

Phase 4.1 Global Iteration 0
 Number of Nodes with overlaps = 0
Phase 4.1 Global Iteration 0 | Checksum: 1dc38edf4

Time (s): cpu = 00:00:24 ; elapsed = 00:00:22 . Memory (MB): peak = 1560.969 ; gain = 98.730
Phase 4 Rip-up And Reroute | Checksum: 1dc38edf4

Time (s): cpu = 00:00:24 ; elapsed = 00:00:22 . Memory (MB): peak = 1560.969 ; gain = 98.730

Phase 5 Delay and Skew Optimization
Phase 5 Delay and Skew Optimization | Checksum: 1dc38edf4

Time (s): cpu = 00:00:24 ; elapsed = 00:00:22 . Memory (MB): peak = 1560.969 ; gain = 98.730

Phase 6 Post Hold Fix

Phase 6.1 Hold Fix Iter
Phase 6.1 Hold Fix Iter | Checksum: 1dc38edf4

Time (s): cpu = 00:00:24 ; elapsed = 00:00:22 . Memory (MB): peak = 1560.969 ; gain = 98.730
Phase 6 Post Hold Fix | Checksum: 1dc38edf4

Time (s): cpu = 00:00:24 ; elapsed = 00:00:22 . Memory (MB): peak = 1560.969 ; gain = 98.730

Phase 7 Route finalize

Router Utilization Summary
  Global Vertical Routing Utilization    = 0.00430519 %
  Global Horizontal Routing Utilization  = 0.00273295 %
  Routable Net Status*
  *Does not include unroutable nets such as driverless and loadless.
  Run report_route_status for detailed report.
  Number of Failed Nets               = 0
    (Failed Nets is the sum of unrouted and partially routed nets)
  Number of Unrouted Nets             = 0
  Number of Partially Routed Nets     = 0
  Number of Node Overlaps             = 0

Congestion Report
North Dir 1x1 Area, Max Cong = 3.6036%, No Congested Regions.
South Dir 1x1 Area, Max Cong = 5.40541%, No Congested Regions.
East Dir 1x1 Area, Max Cong = 2.94118%, No Congested Regions.
West Dir 1x1 Area, Max Cong = 2.94118%, No Congested Regions.

------------------------------
Reporting congestion hotspots
------------------------------
Direction: North
----------------
Congested clusters found at Level 0
Effective congestion level: 0 Aspect Ratio: 1 Sparse Ratio: 0
Direction: South
----------------
Congested clusters found at Level 0
Effective congestion level: 0 Aspect Ratio: 1 Sparse Ratio: 0
Direction: East
----------------
Congested clusters found at Level 0
Effective congestion level: 0 Aspect Ratio: 1 Sparse Ratio: 0
Direction: West
----------------
Congested clusters found at Level 0
Effective congestion level: 0 Aspect Ratio: 1 Sparse Ratio: 0

Phase 7 Route finalize | Checksum: 1dc38edf4

Time (s): cpu = 00:00:24 ; elapsed = 00:00:22 . Memory (MB): peak = 1560.969 ; gain = 98.730

Phase 8 Verifying routed nets

 Verification completed successfully
Phase 8 Verifying routed nets | Checksum: 1dc38edf4

Time (s): cpu = 00:00:24 ; elapsed = 00:00:22 . Memory (MB): peak = 1563.020 ; gain = 100.781

Phase 9 Depositing Routes
Phase 9 Depositing Routes | Checksum: 1684b3d37

Time (s): cpu = 00:00:24 ; elapsed = 00:00:22 . Memory (MB): peak = 1563.020 ; gain = 100.781
INFO: [Route 35-16] Router Completed Successfully

Time (s): cpu = 00:00:24 ; elapsed = 00:00:22 . Memory (MB): peak = 1563.020 ; gain = 100.781

Routing Is Done.
INFO: [Common 17-83] Releasing license: Implementation
53 Infos, 3 Warnings, 2 Critical Warnings and 0 Errors encountered.
route_design completed successfully
route_design: Time (s): cpu = 00:00:25 ; elapsed = 00:00:22 . Memory (MB): peak = 1563.020 ; gain = 111.859
Netlist sorting complete. Time (s): cpu = 00:00:00 ; elapsed = 00:00:00 . Memory (MB): peak = 1563.020 ; gain = 0.000
INFO: [Timing 38-480] Writing timing data to binary archive.
Writing placer database...
Writing XDEF routing.
Writing XDEF routing logical nets.
Writing XDEF routing special nets.
Write XDEF Complete: Time (s): cpu = 00:00:00 ; elapsed = 00:00:00.044 . Memory (MB): peak = 1572.867 ; gain = 9.848
INFO: [Common 17-1381] The checkpoint 'C:/Users/Asif/VivadoProjects/Lab0/Lab0.runs/impl_1/Adder_4_bit_routed.dcp' has been generated.
INFO: [runtcl-4] Executing : report_drc -file Adder_4_bit_drc_routed.rpt -pb Adder_4_bit_drc_routed.pb -rpx Adder_4_bit_drc_routed.rpx
Command: report_drc -file Adder_4_bit_drc_routed.rpt -pb Adder_4_bit_drc_routed.pb -rpx Adder_4_bit_drc_routed.rpx
INFO: [IP_Flow 19-1839] IP Catalog is up to date.
INFO: [DRC 23-27] Running DRC with 2 threads
INFO: [Coretcl 2-168] The results of DRC are in file C:/Users/Asif/VivadoProjects/Lab0/Lab0.runs/impl_1/Adder_4_bit_drc_routed.rpt.
report_drc completed successfully
INFO: [runtcl-4] Executing : report_methodology -file Adder_4_bit_methodology_drc_routed.rpt -pb Adder_4_bit_methodology_drc_routed.pb -rpx Adder_4_bit_methodology_drc_routed.rpx
Command: report_methodology -file Adder_4_bit_methodology_drc_routed.rpt -pb Adder_4_bit_methodology_drc_routed.pb -rpx Adder_4_bit_methodology_drc_routed.rpx
INFO: [Timing 38-35] Done setting XDC timing constraints.
INFO: [DRC 23-133] Running Methodology with 2 threads
INFO: [Coretcl 2-1520] The results of Report Methodology are in file C:/Users/Asif/VivadoProjects/Lab0/Lab0.runs/impl_1/Adder_4_bit_methodology_drc_routed.rpt.
report_methodology completed successfully
INFO: [runtcl-4] Executing : report_power -file Adder_4_bit_power_routed.rpt -pb Adder_4_bit_power_summary_routed.pb -rpx Adder_4_bit_power_routed.rpx
Command: report_power -file Adder_4_bit_power_routed.rpt -pb Adder_4_bit_power_summary_routed.pb -rpx Adder_4_bit_power_routed.rpx
INFO: [Timing 38-35] Done setting XDC timing constraints.
WARNING: [Power 33-232] No user defined clocks were found in the design! Power estimation will be inaccurate until this is corrected.
Resolution: Please specify clocks using create_clock/create_generated_clock for sequential elements. For pure combinatorial circuits, please specify a virtual clock, otherwise the vectorless estimation might be inaccurate
Running Vector-less Activity Propagation...

Finished Running Vector-less Activity Propagation
65 Infos, 4 Warnings, 2 Critical Warnings and 0 Errors encountered.
report_power completed successfully
INFO: [runtcl-4] Executing : report_route_status -file Adder_4_bit_route_status.rpt -pb Adder_4_bit_route_status.pb
INFO: [runtcl-4] Executing : report_timing_summary -max_paths 10 -file Adder_4_bit_timing_summary_routed.rpt -pb Adder_4_bit_timing_summary_routed.pb -rpx Adder_4_bit_timing_summary_routed.rpx -warn_on_violation 
INFO: [Timing 38-91] UpdateTimingParams: Speed grade: -1, Delay Type: min_max.
INFO: [Timing 38-191] Multithreading enabled for timing update using a maximum of 2 CPUs
WARNING: [Timing 38-313] There are no user specified timing constraints. Timing constraints are needed for proper timing analysis.
INFO: [runtcl-4] Executing : report_incremental_reuse -file Adder_4_bit_incremental_reuse_routed.rpt
INFO: [Vivado_Tcl 4-1062] Incremental flow is disabled. No incremental reuse Info to report.
INFO: [runtcl-4] Executing : report_clock_utilization -file Adder_4_bit_clock_utilization_routed.rpt
INFO: [runtcl-4] Executing : report_bus_skew -warn_on_violation -file Adder_4_bit_bus_skew_routed.rpt -pb Adder_4_bit_bus_skew_routed.pb -rpx Adder_4_bit_bus_skew_routed.rpx
INFO: [Timing 38-91] UpdateTimingParams: Speed grade: -1, Delay Type: min_max.
INFO: [Timing 38-191] Multithreading enabled for timing update using a maximum of 2 CPUs
INFO: [Common 17-206] Exiting Vivado at Wed Jun 14 11:34:13 2023...
