#-----------------------------------------------------------
# Vivado v2019.1 (64-bit)
# SW Build 2552052 on Fri May 24 14:49:42 MDT 2019
# IP Build 2548770 on Fri May 24 18:01:18 MDT 2019
# Start of session at: Sat Jun 17 16:34:03 2023
# Process ID: 15324
# Current directory: C:/Users/Asif/VivadoProjects/Lab9_Task1
# Command line: vivado.exe -gui_launcher_event rodinguilauncherevent19976 C:\Users\Asif\VivadoProjects\Lab9_Task1\Lab9_Task1.xpr
# Log file: C:/Users/Asif/VivadoProjects/Lab9_Task1/vivado.log
# Journal file: C:/Users/Asif/VivadoProjects/Lab9_Task1\vivado.jou
#-----------------------------------------------------------
start_gui
open_project C:/Users/Asif/VivadoProjects/Lab9_Task1/Lab9_Task1.xpr
Scanning sources...
Finished scanning sources
INFO: [IP_Flow 19-234] Refreshing IP repositories
INFO: [IP_Flow 19-1704] No user IP repositories specified
INFO: [IP_Flow 19-2313] Loaded Vivado IP repository 'D:/Xilinx/Vivado/2019.1/data/ip'.
open_project: Time (s): cpu = 00:00:17 ; elapsed = 00:00:07 . Memory (MB): peak = 835.617 ; gain = 160.566
update_compile_order -fileset sources_1
launch_simulation
INFO: [Vivado 12-5682] Launching behavioral simulation in 'C:/Users/Asif/VivadoProjects/Lab9_Task1/Lab9_Task1.sim/sim_1/behav/xsim'
INFO: [SIM-utils-51] Simulation object is 'sim_1'
INFO: [SIM-utils-54] Inspecting design source files for 'FIR_filter_Sim' in fileset 'sim_1'...
INFO: [USF-XSim-97] Finding global include files...
INFO: [USF-XSim-98] Fetching design files from 'sim_1'...
INFO: [USF-XSim-2] XSim::Compile design
INFO: [USF-XSim-61] Executing 'COMPILE and ANALYZE' step in 'C:/Users/Asif/VivadoProjects/Lab9_Task1/Lab9_Task1.sim/sim_1/behav/xsim'
"xvlog --incr --relax -prj FIR_filter_Sim_vlog.prj"
INFO: [USF-XSim-69] 'compile' step finished in '1' seconds
INFO: [USF-XSim-3] XSim::Elaborate design
INFO: [USF-XSim-61] Executing 'ELABORATE' step in 'C:/Users/Asif/VivadoProjects/Lab9_Task1/Lab9_Task1.sim/sim_1/behav/xsim'
"xelab -wto e6a363b9de3747218a7b941183db0bfb --incr --debug typical --relax --mt 2 -L xil_defaultlib -L unisims_ver -L unimacro_ver -L secureip --snapshot FIR_filter_Sim_behav xil_defaultlib.FIR_filter_Sim xil_defaultlib.glbl -log elaborate.log"
Vivado Simulator 2019.1
Copyright 1986-1999, 2001-2019 Xilinx, Inc. All Rights Reserved.
Running: D:/Xilinx/Vivado/2019.1/bin/unwrapped/win64.o/xelab.exe -wto e6a363b9de3747218a7b941183db0bfb --incr --debug typical --relax --mt 2 -L xil_defaultlib -L unisims_ver -L unimacro_ver -L secureip --snapshot FIR_filter_Sim_behav xil_defaultlib.FIR_filter_Sim xil_defaultlib.glbl -log elaborate.log 
Using 2 slave threads.
Starting static elaboration
WARNING: [VRFC 10-3091] actual bit length 1 differs from formal bit length 4 for port 's_axis_fir_tkeep' [C:/Users/Asif/VivadoProjects/Lab9_Task1/Lab9_Task1.srcs/sim_1/new/FIR_filter_Sim.v:58]
Completed static elaboration
INFO: [XSIM 43-4323] No Change in HDL. Linking previously generated obj files to create kernel
INFO: [USF-XSim-69] 'elaborate' step finished in '2' seconds
INFO: [USF-XSim-4] XSim::Simulate design
INFO: [USF-XSim-61] Executing 'SIMULATE' step in 'C:/Users/Asif/VivadoProjects/Lab9_Task1/Lab9_Task1.sim/sim_1/behav/xsim'
INFO: [USF-XSim-98] *** Running xsim
   with args "FIR_filter_Sim_behav -key {Behavioral:sim_1:Functional:FIR_filter_Sim} -tclbatch {FIR_filter_Sim.tcl} -log {simulate.log}"
INFO: [USF-XSim-8] Loading simulator feature
Vivado Simulator 2019.1
Time resolution is 1 ps
source FIR_filter_Sim.tcl
# set curr_wave [current_wave_config]
# if { [string length $curr_wave] == 0 } {
#   if { [llength [get_objects]] > 0} {
#     add_wave /
#     set_property needs_save false [current_wave_config]
#   } else {
#      send_msg_id Add_Wave-1 WARNING "No top level signals found. Simulator will start without a wave window. If you want to open a wave window go to 'File->New Waveform Configuration' or type 'create_wave_config' in the TCL console."
#   }
# }
# run 1000ns
INFO: [USF-XSim-96] XSim completed. Design snapshot 'FIR_filter_Sim_behav' loaded.
INFO: [USF-XSim-97] XSim simulation ran for 1000ns
launch_simulation: Time (s): cpu = 00:00:12 ; elapsed = 00:00:08 . Memory (MB): peak = 884.598 ; gain = 16.941
close_sim
INFO: [Simtcl 6-16] Simulation closed
close_sim: Time (s): cpu = 00:00:02 ; elapsed = 00:00:08 . Memory (MB): peak = 980.105 ; gain = 33.660
exit
INFO: [Common 17-206] Exiting Vivado at Sat Jun 17 16:36:53 2023...
