#-----------------------------------------------------------
# Vivado v2019.1 (64-bit)
# SW Build 2552052 on Fri May 24 14:49:42 MDT 2019
# IP Build 2548770 on Fri May 24 18:01:18 MDT 2019
# Start of session at: Sun Jun 18 01:08:16 2023
# Process ID: 9504
# Current directory: C:/Users/Asif/VivadoProjects/Lab6_Task1
# Command line: vivado.exe -gui_launcher_event rodinguilauncherevent20764 C:\Users\Asif\VivadoProjects\Lab6_Task1\Lab6_Task1.xpr
# Log file: C:/Users/Asif/VivadoProjects/Lab6_Task1/vivado.log
# Journal file: C:/Users/Asif/VivadoProjects/Lab6_Task1\vivado.jou
#-----------------------------------------------------------
start_gui
open_project C:/Users/Asif/VivadoProjects/Lab6_Task1/Lab6_Task1.xpr
Scanning sources...
Finished scanning sources
INFO: [IP_Flow 19-234] Refreshing IP repositories
INFO: [IP_Flow 19-1704] No user IP repositories specified
INFO: [IP_Flow 19-2313] Loaded Vivado IP repository 'D:/Xilinx/Vivado/2019.1/data/ip'.
open_project: Time (s): cpu = 00:00:23 ; elapsed = 00:00:10 . Memory (MB): peak = 1007.629 ; gain = 139.621
update_compile_order -fileset sources_1
reset_run synth_1
launch_runs synth_1 -jobs 4
[Sun Jun 18 01:10:04 2023] Launched synth_1...
Run output will be captured here: C:/Users/Asif/VivadoProjects/Lab6_Task1/Lab6_Task1.runs/synth_1/runme.log
launch_runs impl_1 -jobs 4
[Sun Jun 18 01:11:28 2023] Launched impl_1...
Run output will be captured here: C:/Users/Asif/VivadoProjects/Lab6_Task1/Lab6_Task1.runs/impl_1/runme.log
reset_run synth_1
launch_runs synth_1 -jobs 4
[Sun Jun 18 01:16:00 2023] Launched synth_1...
Run output will be captured here: C:/Users/Asif/VivadoProjects/Lab6_Task1/Lab6_Task1.runs/synth_1/runme.log
launch_runs impl_1 -jobs 4
[Sun Jun 18 01:17:02 2023] Launched impl_1...
Run output will be captured here: C:/Users/Asif/VivadoProjects/Lab6_Task1/Lab6_Task1.runs/impl_1/runme.log
exit
INFO: [Common 17-206] Exiting Vivado at Sun Jun 18 01:21:15 2023...
