Copyright 1986-2019 Xilinx, Inc. All Rights Reserved.
-----------------------------------------------------------------------------------------------------------------------------------------------------------------------
| Tool Version : Vivado v.2019.1 (win64) Build 2552052 Fri May 24 14:49:42 MDT 2019
| Date         : Sun Jun 18 01:27:59 2023
| Host         : AhmadNazir running 64-bit major release  (build 9200)
| Command      : report_methodology -file Encoder_4x2_methodology_drc_routed.rpt -pb Encoder_4x2_methodology_drc_routed.pb -rpx Encoder_4x2_methodology_drc_routed.rpx
| Design       : Encoder_4x2
| Device       : xc7a35tcpg236-1
| Speed File   : -1
| Design State : Fully Routed
-----------------------------------------------------------------------------------------------------------------------------------------------------------------------

Report Methodology

Table of Contents
-----------------
1. REPORT SUMMARY
2. REPORT DETAILS

1. REPORT SUMMARY
-----------------
            Netlist: netlist
          Floorplan: design_1
      Design limits: <entire design considered>
             Max violations: <unlimited>
             Violations found: 2
+-----------+----------+-------------------+------------+
| Rule      | Severity | Description       | Violations |
+-----------+----------+-------------------+------------+
| TIMING-20 | Warning  | Non-clocked latch | 2          |
+-----------+----------+-------------------+------------+

2. REPORT DETAILS
-----------------
TIMING-20#1 Warning
Non-clocked latch  
The latch output_code_reg[0] cannot be properly analyzed as its control pin output_code_reg[0]/G is not reached by a timing clock
Related violations: <none>

TIMING-20#2 Warning
Non-clocked latch  
The latch output_code_reg[1] cannot be properly analyzed as its control pin output_code_reg[1]/G is not reached by a timing clock
Related violations: <none>


