#-----------------------------------------------------------
# Vivado v2019.1 (64-bit)
# SW Build 2552052 on Fri May 24 14:49:42 MDT 2019
# IP Build 2548770 on Fri May 24 18:01:18 MDT 2019
# Start of session at: Wed Jul  5 11:36:08 2023
# Process ID: 15328
# Current directory: C:/Users/Asif/VivadoProjects/Lab6_Task2
# Command line: vivado.exe -gui_launcher_event rodinguilauncherevent2488 C:\Users\Asif\VivadoProjects\Lab6_Task2\Lab6_Task2.xpr
# Log file: C:/Users/Asif/VivadoProjects/Lab6_Task2/vivado.log
# Journal file: C:/Users/Asif/VivadoProjects/Lab6_Task2\vivado.jou
#-----------------------------------------------------------
start_gui
open_project C:/Users/Asif/VivadoProjects/Lab6_Task2/Lab6_Task2.xpr
Scanning sources...
Finished scanning sources
INFO: [IP_Flow 19-234] Refreshing IP repositories
INFO: [IP_Flow 19-1704] No user IP repositories specified
INFO: [IP_Flow 19-2313] Loaded Vivado IP repository 'D:/Xilinx/Vivado/2019.1/data/ip'.
open_project: Time (s): cpu = 00:00:19 ; elapsed = 00:00:10 . Memory (MB): peak = 833.203 ; gain = 193.102
update_compile_order -fileset sources_1
exit
INFO: [Common 17-206] Exiting Vivado at Wed Jul  5 11:44:53 2023...
