#-----------------------------------------------------------
# Vivado v2019.1 (64-bit)
# SW Build 2552052 on Fri May 24 14:49:42 MDT 2019
# IP Build 2548770 on Fri May 24 18:01:18 MDT 2019
# Start of session at: Wed Jun 21 10:20:20 2023
# Process ID: 18932
# Current directory: C:/Users/Asif/VivadoProjects/Lab12_Task4
# Command line: vivado.exe -gui_launcher_event rodinguilauncherevent4776 C:\Users\Asif\VivadoProjects\Lab12_Task4\Lab12_Task4.xpr
# Log file: C:/Users/Asif/VivadoProjects/Lab12_Task4/vivado.log
# Journal file: C:/Users/Asif/VivadoProjects/Lab12_Task4\vivado.jou
#-----------------------------------------------------------
start_gui
open_project C:/Users/Asif/VivadoProjects/Lab12_Task4/Lab12_Task4.xpr
Scanning sources...
Finished scanning sources
INFO: [IP_Flow 19-234] Refreshing IP repositories
INFO: [IP_Flow 19-1704] No user IP repositories specified
INFO: [IP_Flow 19-2313] Loaded Vivado IP repository 'D:/Xilinx/Vivado/2019.1/data/ip'.
open_project: Time (s): cpu = 00:00:16 ; elapsed = 00:00:07 . Memory (MB): peak = 824.867 ; gain = 134.668
update_compile_order -fileset sources_1
exit
INFO: [Common 17-206] Exiting Vivado at Wed Jun 21 11:12:26 2023...
