#-----------------------------------------------------------
# Vivado v2019.1 (64-bit)
# SW Build 2552052 on Fri May 24 14:49:42 MDT 2019
# IP Build 2548770 on Fri May 24 18:01:18 MDT 2019
# Start of session at: Fri Jun 16 13:42:40 2023
# Process ID: 3788
# Current directory: C:/Users/Asif/VivadoProjects/Lab3
# Command line: vivado.exe -gui_launcher_event rodinguilauncherevent12008 C:\Users\Asif\VivadoProjects\Lab3\Lab3.xpr
# Log file: C:/Users/Asif/VivadoProjects/Lab3/vivado.log
# Journal file: C:/Users/Asif/VivadoProjects/Lab3\vivado.jou
#-----------------------------------------------------------
start_gui
open_project C:/Users/Asif/VivadoProjects/Lab3/Lab3.xpr
Scanning sources...
Finished scanning sources
INFO: [IP_Flow 19-234] Refreshing IP repositories
INFO: [IP_Flow 19-1704] No user IP repositories specified
INFO: [IP_Flow 19-2313] Loaded Vivado IP repository 'D:/Xilinx/Vivado/2019.1/data/ip'.
open_project: Time (s): cpu = 00:00:17 ; elapsed = 00:00:09 . Memory (MB): peak = 842.918 ; gain = 171.062
update_compile_order -fileset sources_1
reset_run synth_1
launch_runs synth_1 -jobs 4
[Fri Jun 16 13:43:34 2023] Launched synth_1...
Run output will be captured here: C:/Users/Asif/VivadoProjects/Lab3/Lab3.runs/synth_1/runme.log
exit
INFO: [Common 17-206] Exiting Vivado at Fri Jun 16 13:44:25 2023...
