
*** Running vivado
    with args -log Decoder_2x4.vdi -applog -m64 -product Vivado -messageDb vivado.pb -mode batch -source Decoder_2x4.tcl -notrace


****** Vivado v2019.1 (64-bit)
  **** SW Build 2552052 on Fri May 24 14:49:42 MDT 2019
  **** IP Build 2548770 on Fri May 24 18:01:18 MDT 2019
    ** Copyright 1986-2019 Xilinx, Inc. All Rights Reserved.

source Decoder_2x4.tcl -notrace
create_project: Time (s): cpu = 00:00:04 ; elapsed = 00:00:05 . Memory (MB): peak = 382.738 ; gain = 84.520
Command: link_design -top Decoder_2x4 -part xc7a35tcpg236-1
Design is defaulting to srcset: sources_1
Design is defaulting to constrset: constrs_1
INFO: [Device 21-403] Loading part xc7a35tcpg236-1
INFO: [Project 1-479] Netlist was created with Vivado 2019.1
INFO: [Project 1-570] Preparing netlist for logic optimization
Parsing XDC File [C:/Users/Asif/VivadoProjects/Lab6_Task1/Basys-3-Master.xdc]
Finished Parsing XDC File [C:/Users/Asif/VivadoProjects/Lab6_Task1/Basys-3-Master.xdc]
INFO: [Opt 31-138] Pushed 0 inverter(s) to 0 load pin(s).
Netlist sorting complete. Time (s): cpu = 00:00:00 ; elapsed = 00:00:00 . Memory (MB): peak = 756.207 ; gain = 0.000
INFO: [Project 1-111] Unisim Transformation Summary:
No Unisim elements were transformed.

5 Infos, 0 Warnings, 0 Critical Warnings and 0 Errors encountered.
link_design completed successfully
link_design: Time (s): cpu = 00:00:11 ; elapsed = 00:00:13 . Memory (MB): peak = 760.227 ; gain = 372.926
Command: opt_design
Attempting to get a license for feature 'Implementation' and/or device 'xc7a35t'
INFO: [Common 17-349] Got license for feature 'Implementation' and/or device 'xc7a35t'
Running DRC as a precondition to command opt_design

Starting DRC Task
INFO: [DRC 23-27] Running DRC with 2 threads
INFO: [Project 1-461] DRC finished with 0 Errors
INFO: [Project 1-462] Please refer to the DRC report (report_drc) for more information.

Time (s): cpu = 00:00:02 ; elapsed = 00:00:00.848 . Memory (MB): peak = 780.141 ; gain = 19.914

Starting Cache Timing Information Task
INFO: [Timing 38-35] Done setting XDC timing constraints.
Ending Cache Timing Information Task | Checksum: 16a3305c3

Time (s): cpu = 00:00:11 ; elapsed = 00:00:12 . Memory (MB): peak = 1270.676 ; gain = 490.535

Starting Logic Optimization Task

Phase 1 Retarget
INFO: [Opt 31-138] Pushed 0 inverter(s) to 0 load pin(s).
INFO: [Opt 31-49] Retargeted 0 cell(s).
Phase 1 Retarget | Checksum: 16a3305c3

Time (s): cpu = 00:00:00 ; elapsed = 00:00:00.007 . Memory (MB): peak = 1414.875 ; gain = 0.000
INFO: [Opt 31-389] Phase Retarget created 0 cells and removed 0 cells

Phase 2 Constant propagation
INFO: [Opt 31-138] Pushed 0 inverter(s) to 0 load pin(s).
Phase 2 Constant propagation | Checksum: 16a3305c3

Time (s): cpu = 00:00:00 ; elapsed = 00:00:00.007 . Memory (MB): peak = 1414.875 ; gain = 0.000
INFO: [Opt 31-389] Phase Constant propagation created 0 cells and removed 0 cells

Phase 3 Sweep
Phase 3 Sweep | Checksum: 16a3305c3

Time (s): cpu = 00:00:00 ; elapsed = 00:00:00.008 . Memory (MB): peak = 1414.875 ; gain = 0.000
INFO: [Opt 31-389] Phase Sweep created 0 cells and removed 0 cells

Phase 4 BUFG optimization
Phase 4 BUFG optimization | Checksum: 16a3305c3

Time (s): cpu = 00:00:00 ; elapsed = 00:00:00.009 . Memory (MB): peak = 1414.875 ; gain = 0.000
INFO: [Opt 31-662] Phase BUFG optimization created 0 cells of which 0 are BUFGs and removed 0 cells.

Phase 5 Shift Register Optimization
INFO: [Opt 31-1064] SRL Remap converted 0 SRLs to 0 registers and converted 0 registers of register chains to 0 SRLs
Phase 5 Shift Register Optimization | Checksum: 16a3305c3

Time (s): cpu = 00:00:00 ; elapsed = 00:00:00.011 . Memory (MB): peak = 1414.875 ; gain = 0.000
INFO: [Opt 31-389] Phase Shift Register Optimization created 0 cells and removed 0 cells

Phase 6 Post Processing Netlist
Phase 6 Post Processing Netlist | Checksum: 16a3305c3

Time (s): cpu = 00:00:00 ; elapsed = 00:00:00.011 . Memory (MB): peak = 1414.875 ; gain = 0.000
INFO: [Opt 31-389] Phase Post Processing Netlist created 0 cells and removed 0 cells
Opt_design Change Summary
=========================


-------------------------------------------------------------------------------------------------------------------------
|  Phase                        |  #Cells created  |  #Cells Removed  |  #Constrained objects preventing optimizations  |
-------------------------------------------------------------------------------------------------------------------------
|  Retarget                     |               0  |               0  |                                              0  |
|  Constant propagation         |               0  |               0  |                                              0  |
|  Sweep                        |               0  |               0  |                                              0  |
|  BUFG optimization            |               0  |               0  |                                              0  |
|  Shift Register Optimization  |               0  |               0  |                                              0  |
|  Post Processing Netlist      |               0  |               0  |                                              0  |
-------------------------------------------------------------------------------------------------------------------------



Starting Connectivity Check Task

Time (s): cpu = 00:00:00 ; elapsed = 00:00:00 . Memory (MB): peak = 1414.875 ; gain = 0.000
Ending Logic Optimization Task | Checksum: 16a3305c3

Time (s): cpu = 00:00:00 ; elapsed = 00:00:00.014 . Memory (MB): peak = 1414.875 ; gain = 0.000

Starting Power Optimization Task
INFO: [Pwropt 34-132] Skipping clock gating for clocks with a period < 2.00 ns.
Ending Power Optimization Task | Checksum: 16a3305c3

Time (s): cpu = 00:00:00 ; elapsed = 00:00:00.007 . Memory (MB): peak = 1414.875 ; gain = 0.000

Starting Final Cleanup Task
Ending Final Cleanup Task | Checksum: 16a3305c3

Time (s): cpu = 00:00:00 ; elapsed = 00:00:00 . Memory (MB): peak = 1414.875 ; gain = 0.000

Starting Netlist Obfuscation Task
Netlist sorting complete. Time (s): cpu = 00:00:00 ; elapsed = 00:00:00 . Memory (MB): peak = 1414.875 ; gain = 0.000
Ending Netlist Obfuscation Task | Checksum: 16a3305c3

Time (s): cpu = 00:00:00 ; elapsed = 00:00:00 . Memory (MB): peak = 1414.875 ; gain = 0.000
INFO: [Common 17-83] Releasing license: Implementation
22 Infos, 0 Warnings, 0 Critical Warnings and 0 Errors encountered.
opt_design completed successfully
opt_design: Time (s): cpu = 00:00:15 ; elapsed = 00:00:15 . Memory (MB): peak = 1414.875 ; gain = 654.648
Netlist sorting complete. Time (s): cpu = 00:00:00 ; elapsed = 00:00:00 . Memory (MB): peak = 1414.875 ; gain = 0.000
INFO: [Timing 38-480] Writing timing data to binary archive.
Writing placer database...
Writing XDEF routing.
Writing XDEF routing logical nets.
Writing XDEF routing special nets.
Write XDEF Complete: Time (s): cpu = 00:00:00 ; elapsed = 00:00:00.042 . Memory (MB): peak = 1414.875 ; gain = 0.000
INFO: [Common 17-1381] The checkpoint 'C:/Users/Asif/VivadoProjects/Lab6_Task1/Lab6_Task1.runs/impl_1/Decoder_2x4_opt.dcp' has been generated.
INFO: [runtcl-4] Executing : report_drc -file Decoder_2x4_drc_opted.rpt -pb Decoder_2x4_drc_opted.pb -rpx Decoder_2x4_drc_opted.rpx
Command: report_drc -file Decoder_2x4_drc_opted.rpt -pb Decoder_2x4_drc_opted.pb -rpx Decoder_2x4_drc_opted.rpx
INFO: [IP_Flow 19-234] Refreshing IP repositories
INFO: [IP_Flow 19-1704] No user IP repositories specified
INFO: [IP_Flow 19-2313] Loaded Vivado IP repository 'D:/Xilinx/Vivado/2019.1/data/ip'.
INFO: [DRC 23-27] Running DRC with 2 threads
INFO: [Coretcl 2-168] The results of DRC are in file C:/Users/Asif/VivadoProjects/Lab6_Task1/Lab6_Task1.runs/impl_1/Decoder_2x4_drc_opted.rpt.
report_drc completed successfully
Command: place_design
Attempting to get a license for feature 'Implementation' and/or device 'xc7a35t'
INFO: [Common 17-349] Got license for feature 'Implementation' and/or device 'xc7a35t'
INFO: [DRC 23-27] Running DRC with 2 threads
INFO: [Vivado_Tcl 4-198] DRC finished with 0 Errors
INFO: [Vivado_Tcl 4-199] Please refer to the DRC report (report_drc) for more information.
Running DRC as a precondition to command place_design
INFO: [DRC 23-27] Running DRC with 2 threads
INFO: [Vivado_Tcl 4-198] DRC finished with 0 Errors
INFO: [Vivado_Tcl 4-199] Please refer to the DRC report (report_drc) for more information.

Starting Placer Task
INFO: [Place 30-611] Multithreading enabled for place_design using a maximum of 2 CPUs

Phase 1 Placer Initialization

Phase 1.1 Placer Initialization Netlist Sorting
Netlist sorting complete. Time (s): cpu = 00:00:00 ; elapsed = 00:00:00 . Memory (MB): peak = 1414.875 ; gain = 0.000
Phase 1.1 Placer Initialization Netlist Sorting | Checksum: 135a9e2d0

Time (s): cpu = 00:00:00 ; elapsed = 00:00:00.004 . Memory (MB): peak = 1414.875 ; gain = 0.000
Netlist sorting complete. Time (s): cpu = 00:00:00 ; elapsed = 00:00:00 . Memory (MB): peak = 1414.875 ; gain = 0.000

Phase 1.2 IO Placement/ Clock Placement/ Build Placer Device
INFO: [Timing 38-35] Done setting XDC timing constraints.
WARNING: [Place 30-574] Poor placement for routing between an IO pin and BUFG. This is normally an ERROR but the CLOCK_DEDICATED_ROUTE constraint is set to FALSE allowing your design to continue. The use of this override is highly discouraged as it may lead to very poor timing results. It is recommended that this error condition be corrected in the design.

	enable_IBUF_inst (IBUF.O) is locked to IOB_X0Y11
	enable_IBUF_BUFG_inst (BUFG.I) is provisionally placed by clockplacer on BUFGCTRL_X0Y0
Resolution: Poor placement of an IO pin and a BUFG has resulted in the router using a non-dedicated path between the two.  There are several things that could trigger this DRC, each of which can cause unpredictable clock insertion delays that result in poor timing.  This DRC could be caused by any of the following: (a) a clock port was placed on a pin that is not a CCIO-pin (b)the BUFG has not been placed in the same half of the device or SLR as the CCIO-pin (c) a single ended clock has been placed on the N-Side of a differential pair CCIO-pin.
Phase 1.2 IO Placement/ Clock Placement/ Build Placer Device | Checksum: 175a821e5

Time (s): cpu = 00:00:01 ; elapsed = 00:00:00.893 . Memory (MB): peak = 1425.746 ; gain = 10.871

Phase 1.3 Build Placer Netlist Model
Phase 1.3 Build Placer Netlist Model | Checksum: 1ce5c4c48

Time (s): cpu = 00:00:01 ; elapsed = 00:00:00.903 . Memory (MB): peak = 1425.746 ; gain = 10.871

Phase 1.4 Constrain Clocks/Macros
Phase 1.4 Constrain Clocks/Macros | Checksum: 1ce5c4c48

Time (s): cpu = 00:00:01 ; elapsed = 00:00:00.904 . Memory (MB): peak = 1425.746 ; gain = 10.871
Phase 1 Placer Initialization | Checksum: 1ce5c4c48

Time (s): cpu = 00:00:01 ; elapsed = 00:00:00.905 . Memory (MB): peak = 1425.746 ; gain = 10.871

Phase 2 Global Placement

Phase 2.1 Floorplanning
Phase 2.1 Floorplanning | Checksum: 1ce5c4c48

Time (s): cpu = 00:00:01 ; elapsed = 00:00:00.908 . Memory (MB): peak = 1425.746 ; gain = 10.871

Phase 2.2 Global Placement Core
WARNING: [Place 46-29] place_design is not in timing mode. Skip physical synthesis in placer
Phase 2.2 Global Placement Core | Checksum: 18fa2cd48

Time (s): cpu = 00:00:02 ; elapsed = 00:00:01 . Memory (MB): peak = 1425.746 ; gain = 10.871
Phase 2 Global Placement | Checksum: 18fa2cd48

Time (s): cpu = 00:00:02 ; elapsed = 00:00:01 . Memory (MB): peak = 1425.746 ; gain = 10.871

Phase 3 Detail Placement

Phase 3.1 Commit Multi Column Macros
Phase 3.1 Commit Multi Column Macros | Checksum: 18fa2cd48

Time (s): cpu = 00:00:02 ; elapsed = 00:00:01 . Memory (MB): peak = 1425.746 ; gain = 10.871

Phase 3.2 Commit Most Macros & LUTRAMs
Phase 3.2 Commit Most Macros & LUTRAMs | Checksum: 1b1eda256

Time (s): cpu = 00:00:02 ; elapsed = 00:00:01 . Memory (MB): peak = 1425.746 ; gain = 10.871

Phase 3.3 Area Swap Optimization
Phase 3.3 Area Swap Optimization | Checksum: 1e68bb045

Time (s): cpu = 00:00:02 ; elapsed = 00:00:01 . Memory (MB): peak = 1425.746 ; gain = 10.871

Phase 3.4 Pipeline Register Optimization
Phase 3.4 Pipeline Register Optimization | Checksum: 1e68bb045

Time (s): cpu = 00:00:02 ; elapsed = 00:00:01 . Memory (MB): peak = 1425.746 ; gain = 10.871

Phase 3.5 Small Shape Detail Placement
Phase 3.5 Small Shape Detail Placement | Checksum: 2195fda5d

Time (s): cpu = 00:00:02 ; elapsed = 00:00:02 . Memory (MB): peak = 1425.746 ; gain = 10.871

Phase 3.6 Re-assign LUT pins
Phase 3.6 Re-assign LUT pins | Checksum: 2195fda5d

Time (s): cpu = 00:00:02 ; elapsed = 00:00:02 . Memory (MB): peak = 1425.746 ; gain = 10.871

Phase 3.7 Pipeline Register Optimization
Phase 3.7 Pipeline Register Optimization | Checksum: 2195fda5d

Time (s): cpu = 00:00:02 ; elapsed = 00:00:02 . Memory (MB): peak = 1425.746 ; gain = 10.871
Phase 3 Detail Placement | Checksum: 2195fda5d

Time (s): cpu = 00:00:02 ; elapsed = 00:00:02 . Memory (MB): peak = 1425.746 ; gain = 10.871

Phase 4 Post Placement Optimization and Clean-Up

Phase 4.1 Post Commit Optimization
Phase 4.1 Post Commit Optimization | Checksum: 2195fda5d

Time (s): cpu = 00:00:02 ; elapsed = 00:00:02 . Memory (MB): peak = 1425.746 ; gain = 10.871

Phase 4.2 Post Placement Cleanup
Phase 4.2 Post Placement Cleanup | Checksum: 2195fda5d

Time (s): cpu = 00:00:02 ; elapsed = 00:00:02 . Memory (MB): peak = 1425.746 ; gain = 10.871

Phase 4.3 Placer Reporting
Phase 4.3 Placer Reporting | Checksum: 2195fda5d

Time (s): cpu = 00:00:02 ; elapsed = 00:00:02 . Memory (MB): peak = 1425.746 ; gain = 10.871

Phase 4.4 Final Placement Cleanup
Netlist sorting complete. Time (s): cpu = 00:00:00 ; elapsed = 00:00:00 . Memory (MB): peak = 1425.746 ; gain = 0.000
Phase 4.4 Final Placement Cleanup | Checksum: 2195fda5d

Time (s): cpu = 00:00:02 ; elapsed = 00:00:02 . Memory (MB): peak = 1425.746 ; gain = 10.871
Phase 4 Post Placement Optimization and Clean-Up | Checksum: 2195fda5d

Time (s): cpu = 00:00:03 ; elapsed = 00:00:02 . Memory (MB): peak = 1425.746 ; gain = 10.871
Ending Placer Task | Checksum: 1a21b3179

Time (s): cpu = 00:00:03 ; elapsed = 00:00:02 . Memory (MB): peak = 1425.746 ; gain = 10.871
INFO: [Common 17-83] Releasing license: Implementation
40 Infos, 2 Warnings, 0 Critical Warnings and 0 Errors encountered.
place_design completed successfully
Netlist sorting complete. Time (s): cpu = 00:00:00 ; elapsed = 00:00:00 . Memory (MB): peak = 1425.746 ; gain = 0.000
INFO: [Timing 38-480] Writing timing data to binary archive.
Writing placer database...
Writing XDEF routing.
Writing XDEF routing logical nets.
Writing XDEF routing special nets.
Write XDEF Complete: Time (s): cpu = 00:00:00 ; elapsed = 00:00:00.051 . Memory (MB): peak = 1433.824 ; gain = 8.078
INFO: [Common 17-1381] The checkpoint 'C:/Users/Asif/VivadoProjects/Lab6_Task1/Lab6_Task1.runs/impl_1/Decoder_2x4_placed.dcp' has been generated.
INFO: [runtcl-4] Executing : report_io -file Decoder_2x4_io_placed.rpt
report_io: Time (s): cpu = 00:00:00 ; elapsed = 00:00:00.042 . Memory (MB): peak = 1433.824 ; gain = 0.000
INFO: [runtcl-4] Executing : report_utilization -file Decoder_2x4_utilization_placed.rpt -pb Decoder_2x4_utilization_placed.pb
INFO: [runtcl-4] Executing : report_control_sets -verbose -file Decoder_2x4_control_sets_placed.rpt
report_control_sets: Time (s): cpu = 00:00:00 ; elapsed = 00:00:00.002 . Memory (MB): peak = 1433.824 ; gain = 0.000
Command: route_design
Attempting to get a license for feature 'Implementation' and/or device 'xc7a35t'
INFO: [Common 17-349] Got license for feature 'Implementation' and/or device 'xc7a35t'
Running DRC as a precondition to command route_design
INFO: [DRC 23-27] Running DRC with 2 threads
WARNING: [DRC PLCK-12] Clock Placer Checks: Poor placement for routing between an IO pin and BUFG. 
Resolution: Poor placement of an IO pin and a BUFG has resulted in the router using a non-dedicated path between the two.  There are several things that could trigger this DRC, each of which can cause unpredictable clock insertion delays that result in poor timing.  This DRC could be caused by any of the following: (a) a clock port was placed on a pin that is not a CCIO-pin (b)the BUFG has not been placed in the same half of the device or SLR as the CCIO-pin (c) a single ended clock has been placed on the N-Side of a differential pair CCIO-pin.
 This is normally an ERROR but the CLOCK_DEDICATED_ROUTE constraint is set to FALSE allowing your design to continue. The use of this override is highly discouraged as it may lead to very poor timing results. It is recommended that this error condition be corrected in the design.

	enable_IBUF_inst (IBUF.O) is locked to IOB_X0Y11
	enable_IBUF_BUFG_inst (BUFG.I) is provisionally placed by clockplacer on BUFGCTRL_X0Y0
INFO: [Vivado_Tcl 4-198] DRC finished with 0 Errors, 1 Warnings
INFO: [Vivado_Tcl 4-199] Please refer to the DRC report (report_drc) for more information.


Starting Routing Task
INFO: [Route 35-254] Multithreading enabled for route_design using a maximum of 2 CPUs
Checksum: PlaceDB: e39367f2 ConstDB: 0 ShapeSum: be87c987 RouteDB: 0

Phase 1 Build RT Design
Phase 1 Build RT Design | Checksum: 15af301e5

Time (s): cpu = 00:00:30 ; elapsed = 00:00:28 . Memory (MB): peak = 1525.996 ; gain = 80.613
Post Restoration Checksum: NetGraph: 794b4770 NumContArr: e1a7ba75 Constraints: 0 Timing: 0

Phase 2 Router Initialization
INFO: [Route 35-64] No timing constraints were detected. The router will operate in resource-optimization mode.

Phase 2.1 Fix Topology Constraints
Phase 2.1 Fix Topology Constraints | Checksum: 15af301e5

Time (s): cpu = 00:00:30 ; elapsed = 00:00:28 . Memory (MB): peak = 1532.004 ; gain = 86.621

Phase 2.2 Pre Route Cleanup
Phase 2.2 Pre Route Cleanup | Checksum: 15af301e5

Time (s): cpu = 00:00:30 ; elapsed = 00:00:28 . Memory (MB): peak = 1532.004 ; gain = 86.621
 Number of Nodes with overlaps = 0
Phase 2 Router Initialization | Checksum: 1a6f949a7

Time (s): cpu = 00:00:30 ; elapsed = 00:00:28 . Memory (MB): peak = 1535.492 ; gain = 90.109

Router Utilization Summary
  Global Vertical Routing Utilization    = 0 %
  Global Horizontal Routing Utilization  = 0 %
  Routable Net Status*
  *Does not include unroutable nets such as driverless and loadless.
  Run report_route_status for detailed report.
  Number of Failed Nets               = 11
    (Failed Nets is the sum of unrouted and partially routed nets)
  Number of Unrouted Nets             = 11
  Number of Partially Routed Nets     = 0
  Number of Node Overlaps             = 0


Phase 3 Initial Routing
Phase 3 Initial Routing | Checksum: 1b4eb046d

Time (s): cpu = 00:00:30 ; elapsed = 00:00:28 . Memory (MB): peak = 1536.547 ; gain = 91.164

Phase 4 Rip-up And Reroute

Phase 4.1 Global Iteration 0
 Number of Nodes with overlaps = 0
Phase 4.1 Global Iteration 0 | Checksum: f8297c1c

Time (s): cpu = 00:00:31 ; elapsed = 00:00:28 . Memory (MB): peak = 1536.547 ; gain = 91.164
Phase 4 Rip-up And Reroute | Checksum: f8297c1c

Time (s): cpu = 00:00:31 ; elapsed = 00:00:28 . Memory (MB): peak = 1536.547 ; gain = 91.164

Phase 5 Delay and Skew Optimization
Phase 5 Delay and Skew Optimization | Checksum: f8297c1c

Time (s): cpu = 00:00:31 ; elapsed = 00:00:28 . Memory (MB): peak = 1536.547 ; gain = 91.164

Phase 6 Post Hold Fix

Phase 6.1 Hold Fix Iter
Phase 6.1 Hold Fix Iter | Checksum: f8297c1c

Time (s): cpu = 00:00:31 ; elapsed = 00:00:28 . Memory (MB): peak = 1536.547 ; gain = 91.164
Phase 6 Post Hold Fix | Checksum: f8297c1c

Time (s): cpu = 00:00:31 ; elapsed = 00:00:28 . Memory (MB): peak = 1536.547 ; gain = 91.164

Phase 7 Route finalize

Router Utilization Summary
  Global Vertical Routing Utilization    = 0.00765367 %
  Global Horizontal Routing Utilization  = 0.00390422 %
  Routable Net Status*
  *Does not include unroutable nets such as driverless and loadless.
  Run report_route_status for detailed report.
  Number of Failed Nets               = 0
    (Failed Nets is the sum of unrouted and partially routed nets)
  Number of Unrouted Nets             = 0
  Number of Partially Routed Nets     = 0
  Number of Node Overlaps             = 0

Congestion Report
North Dir 1x1 Area, Max Cong = 5.40541%, No Congested Regions.
South Dir 1x1 Area, Max Cong = 7.20721%, No Congested Regions.
East Dir 1x1 Area, Max Cong = 5.88235%, No Congested Regions.
West Dir 1x1 Area, Max Cong = 2.94118%, No Congested Regions.

------------------------------
Reporting congestion hotspots
------------------------------
Direction: North
----------------
Congested clusters found at Level 0
Effective congestion level: 0 Aspect Ratio: 1 Sparse Ratio: 0
Direction: South
----------------
Congested clusters found at Level 0
Effective congestion level: 0 Aspect Ratio: 1 Sparse Ratio: 0
Direction: East
----------------
Congested clusters found at Level 0
Effective congestion level: 0 Aspect Ratio: 1 Sparse Ratio: 0
Direction: West
----------------
Congested clusters found at Level 0
Effective congestion level: 0 Aspect Ratio: 1 Sparse Ratio: 0

Phase 7 Route finalize | Checksum: f8297c1c

Time (s): cpu = 00:00:31 ; elapsed = 00:00:28 . Memory (MB): peak = 1536.547 ; gain = 91.164

Phase 8 Verifying routed nets

 Verification completed successfully
Phase 8 Verifying routed nets | Checksum: f8297c1c

Time (s): cpu = 00:00:31 ; elapsed = 00:00:28 . Memory (MB): peak = 1538.590 ; gain = 93.207

Phase 9 Depositing Routes
Phase 9 Depositing Routes | Checksum: a4869b13

Time (s): cpu = 00:00:31 ; elapsed = 00:00:28 . Memory (MB): peak = 1538.590 ; gain = 93.207
INFO: [Route 35-16] Router Completed Successfully

Time (s): cpu = 00:00:31 ; elapsed = 00:00:28 . Memory (MB): peak = 1538.590 ; gain = 93.207

Routing Is Done.
INFO: [Common 17-83] Releasing license: Implementation
53 Infos, 3 Warnings, 0 Critical Warnings and 0 Errors encountered.
route_design completed successfully
route_design: Time (s): cpu = 00:00:33 ; elapsed = 00:00:29 . Memory (MB): peak = 1538.590 ; gain = 104.766
Netlist sorting complete. Time (s): cpu = 00:00:00 ; elapsed = 00:00:00 . Memory (MB): peak = 1538.590 ; gain = 0.000
INFO: [Timing 38-480] Writing timing data to binary archive.
Writing placer database...
Writing XDEF routing.
Writing XDEF routing logical nets.
Writing XDEF routing special nets.
Write XDEF Complete: Time (s): cpu = 00:00:00 ; elapsed = 00:00:00.046 . Memory (MB): peak = 1548.496 ; gain = 9.906
INFO: [Common 17-1381] The checkpoint 'C:/Users/Asif/VivadoProjects/Lab6_Task1/Lab6_Task1.runs/impl_1/Decoder_2x4_routed.dcp' has been generated.
INFO: [runtcl-4] Executing : report_drc -file Decoder_2x4_drc_routed.rpt -pb Decoder_2x4_drc_routed.pb -rpx Decoder_2x4_drc_routed.rpx
Command: report_drc -file Decoder_2x4_drc_routed.rpt -pb Decoder_2x4_drc_routed.pb -rpx Decoder_2x4_drc_routed.rpx
INFO: [IP_Flow 19-1839] IP Catalog is up to date.
INFO: [DRC 23-27] Running DRC with 2 threads
INFO: [Coretcl 2-168] The results of DRC are in file C:/Users/Asif/VivadoProjects/Lab6_Task1/Lab6_Task1.runs/impl_1/Decoder_2x4_drc_routed.rpt.
report_drc completed successfully
INFO: [runtcl-4] Executing : report_methodology -file Decoder_2x4_methodology_drc_routed.rpt -pb Decoder_2x4_methodology_drc_routed.pb -rpx Decoder_2x4_methodology_drc_routed.rpx
Command: report_methodology -file Decoder_2x4_methodology_drc_routed.rpt -pb Decoder_2x4_methodology_drc_routed.pb -rpx Decoder_2x4_methodology_drc_routed.rpx
INFO: [Timing 38-35] Done setting XDC timing constraints.
INFO: [DRC 23-133] Running Methodology with 2 threads
INFO: [Coretcl 2-1520] The results of Report Methodology are in file C:/Users/Asif/VivadoProjects/Lab6_Task1/Lab6_Task1.runs/impl_1/Decoder_2x4_methodology_drc_routed.rpt.
report_methodology completed successfully
INFO: [runtcl-4] Executing : report_power -file Decoder_2x4_power_routed.rpt -pb Decoder_2x4_power_summary_routed.pb -rpx Decoder_2x4_power_routed.rpx
Command: report_power -file Decoder_2x4_power_routed.rpt -pb Decoder_2x4_power_summary_routed.pb -rpx Decoder_2x4_power_routed.rpx
INFO: [Timing 38-35] Done setting XDC timing constraints.
WARNING: [Power 33-232] No user defined clocks were found in the design! Power estimation will be inaccurate until this is corrected.
Resolution: Please specify clocks using create_clock/create_generated_clock for sequential elements. For pure combinatorial circuits, please specify a virtual clock, otherwise the vectorless estimation might be inaccurate
Running Vector-less Activity Propagation...

Finished Running Vector-less Activity Propagation
65 Infos, 4 Warnings, 0 Critical Warnings and 0 Errors encountered.
report_power completed successfully
INFO: [runtcl-4] Executing : report_route_status -file Decoder_2x4_route_status.rpt -pb Decoder_2x4_route_status.pb
INFO: [runtcl-4] Executing : report_timing_summary -max_paths 10 -file Decoder_2x4_timing_summary_routed.rpt -pb Decoder_2x4_timing_summary_routed.pb -rpx Decoder_2x4_timing_summary_routed.rpx -warn_on_violation 
INFO: [Timing 38-91] UpdateTimingParams: Speed grade: -1, Delay Type: min_max.
INFO: [Timing 38-191] Multithreading enabled for timing update using a maximum of 2 CPUs
WARNING: [Timing 38-313] There are no user specified timing constraints. Timing constraints are needed for proper timing analysis.
INFO: [runtcl-4] Executing : report_incremental_reuse -file Decoder_2x4_incremental_reuse_routed.rpt
INFO: [Vivado_Tcl 4-1062] Incremental flow is disabled. No incremental reuse Info to report.
INFO: [runtcl-4] Executing : report_clock_utilization -file Decoder_2x4_clock_utilization_routed.rpt
INFO: [runtcl-4] Executing : report_bus_skew -warn_on_violation -file Decoder_2x4_bus_skew_routed.rpt -pb Decoder_2x4_bus_skew_routed.pb -rpx Decoder_2x4_bus_skew_routed.rpx
INFO: [Timing 38-91] UpdateTimingParams: Speed grade: -1, Delay Type: min_max.
INFO: [Timing 38-191] Multithreading enabled for timing update using a maximum of 2 CPUs
INFO: [Common 17-206] Exiting Vivado at Sun Jun 18 01:18:26 2023...
